#
# There is insufficient memory for the Java Runtime Environment to continue.
# Native memory allocation (malloc) failed to allocate 435472 bytes. Error detail: Chunk::new
# Possible reasons:
#   The system is out of physical RAM or swap space
#   This process is running with CompressedOops enabled, and the Java Heap may be blocking the growth of the native heap
# Possible solutions:
#   Reduce memory load on the system
#   Increase physical memory or swap space
#   Check if swap backing store is full
#   Decrease Java heap size (-Xmx/-Xms)
#   Decrease number of Java threads
#   Decrease Java thread stack sizes (-Xss)
#   Set larger code cache with -XX:ReservedCodeCacheSize=
#   JVM is running with Zero Based Compressed Oops mode in which the Java heap is
#     placed in the first 32GB address space. The Java Heap base address is the
#     maximum limit for the native heap growth. Please use -XX:HeapBaseMinAddress
#     to set the Java Heap base and to place the Java Heap above 32GB virtual address.
# This output file may be truncated or incomplete.
#
#  Out of Memory Error (arena.cpp:191), pid=14360, tid=5972
#
# JRE version: OpenJDK Runtime Environment Corretto-17.0.13.11.1 (17.0.13+11) (build 17.0.13+11-LTS)
# Java VM: OpenJDK 64-Bit Server VM Corretto-17.0.13.11.1 (17.0.13+11-LTS, mixed mode, sharing, tiered, compressed oops, compressed class ptrs, g1 gc, windows-amd64)
# No core dump will be written. Minidumps are not enabled by default on client versions of Windows
#

---------------  S U M M A R Y ------------

Command Line: -Dfile.encoding=UTF-8 -Duser.country=US -Duser.language=en -Duser.variant com.bestbudz.Server

Host: AMD Ryzen 5 3600 6-Core Processor              , 12 cores, 31G,  Windows 11 , 64 bit Build 26100 (10.0.26100.7705)
Time: Sat Feb 21 22:13:10 2026 Romance Standard Time elapsed time: 443.725302 seconds (0d 0h 7m 23s)

---------------  T H R E A D  ---------------

Current thread (0x0000024f6ba30210):  JavaThread "C2 CompilerThread0" daemon [_thread_in_native, id=5972, stack(0x0000008ce7a00000,0x0000008ce7b00000)]


Current CompileTask:
C2: 443725 5654   !   4       io.netty.channel.AbstractChannelHandlerContext::write (230 bytes)

Stack: [0x0000008ce7a00000,0x0000008ce7b00000]
Native frames: (J=compiled Java code, j=interpreted, Vv=VM code, C=native code)
V  [jvm.dll+0x680c19]
V  [jvm.dll+0x83888a]
V  [jvm.dll+0x83a34e]
V  [jvm.dll+0x83a9b3]
V  [jvm.dll+0x2481af]
V  [jvm.dll+0xac9f4]
V  [jvm.dll+0xad03c]
V  [jvm.dll+0x11f907]
V  [jvm.dll+0x612435]
V  [jvm.dll+0x610ada]
V  [jvm.dll+0x21a578]
V  [jvm.dll+0x219b41]
V  [jvm.dll+0x1a58ed]
V  [jvm.dll+0x22988d]
V  [jvm.dll+0x227a1c]
V  [jvm.dll+0x7ed737]
V  [jvm.dll+0x7e7b2c]
V  [jvm.dll+0x67fae7]
C  [ucrtbase.dll+0x37b0]
C  [KERNEL32.DLL+0x2e8d7]
C  [ntdll.dll+0x8c40c]


---------------  P R O C E S S  ---------------

Threads class SMR info:
_java_thread_list=0x0000024fb194d480, length=30, elements={
0x0000024f6ba0fdc0, 0x0000024f6ba10980, 0x0000024f6ba2af90, 0x0000024f6ba2b860,
0x0000024f6ba2e750, 0x0000024f6ba2f110, 0x0000024f6ba30210, 0x0000024f6ba351d0,
0x0000024f6ba35fd0, 0x0000024f6bb82770, 0x0000024f6bb914c0, 0x0000024fb1b20220,
0x0000024f6bcaea50, 0x0000024fb1b1f480, 0x0000024fb243c840, 0x0000024f6ba8e9c0,
0x0000024f3ed06170, 0x0000024fb1ae6ed0, 0x0000024fb1ae4650, 0x0000024fb1ae5a90,
0x0000024fb1ae4140, 0x0000024fb23ab8f0, 0x0000024fb23ab3e0, 0x0000024fb23abe00,
0x0000024fb23ac310, 0x0000024fb23ac820, 0x0000024fb23a9070, 0x0000024fb23aa4b0,
0x0000024fb23af5b0, 0x0000024fb23adc60
}

Java Threads: ( => current thread )
  0x0000024f6ba0fdc0 JavaThread "Reference Handler" daemon [_thread_blocked, id=37820, stack(0x0000008ce7400000,0x0000008ce7500000)]
  0x0000024f6ba10980 JavaThread "Finalizer" daemon [_thread_blocked, id=14928, stack(0x0000008ce7500000,0x0000008ce7600000)]
  0x0000024f6ba2af90 JavaThread "Signal Dispatcher" daemon [_thread_blocked, id=71588, stack(0x0000008ce7600000,0x0000008ce7700000)]
  0x0000024f6ba2b860 JavaThread "Attach Listener" daemon [_thread_blocked, id=11844, stack(0x0000008ce7700000,0x0000008ce7800000)]
  0x0000024f6ba2e750 JavaThread "Service Thread" daemon [_thread_blocked, id=47560, stack(0x0000008ce7800000,0x0000008ce7900000)]
  0x0000024f6ba2f110 JavaThread "Monitor Deflation Thread" daemon [_thread_blocked, id=23668, stack(0x0000008ce7900000,0x0000008ce7a00000)]
=>0x0000024f6ba30210 JavaThread "C2 CompilerThread0" daemon [_thread_in_native, id=5972, stack(0x0000008ce7a00000,0x0000008ce7b00000)]
  0x0000024f6ba351d0 JavaThread "C1 CompilerThread0" daemon [_thread_in_native, id=59576, stack(0x0000008ce7b00000,0x0000008ce7c00000)]
  0x0000024f6ba35fd0 JavaThread "Sweeper thread" daemon [_thread_blocked, id=61556, stack(0x0000008ce7c00000,0x0000008ce7d00000)]
  0x0000024f6bb82770 JavaThread "Notification Thread" daemon [_thread_blocked, id=63136, stack(0x0000008ce7d00000,0x0000008ce7e00000)]
  0x0000024f6bb914c0 JavaThread "Common-Cleaner" daemon [_thread_blocked, id=76140, stack(0x0000008ce7f00000,0x0000008ce8000000)]
  0x0000024fb1b20220 JavaThread "Login Thread" [_thread_blocked, id=69216, stack(0x0000008ce8900000,0x0000008ce8a00000)]
  0x0000024f6bcaea50 JavaThread "Network Thread" [_thread_blocked, id=40980, stack(0x0000008ce8a00000,0x0000008ce8b00000)]
  0x0000024fb1b1f480 JavaThread "multiThreadIoEventLoopGroup-2-1" [_thread_in_native, id=80756, stack(0x0000008ce8b00000,0x0000008ce8c00000)]
  0x0000024fb243c840 JavaThread "Discord-Operations" daemon [_thread_blocked, id=15856, stack(0x0000008ce8e00000,0x0000008ce8f00000)]
  0x0000024f6ba8e9c0 JavaThread "Main Thread" [_thread_in_vm, id=31156, stack(0x0000008ce9000000,0x0000008ce9100000)]
  0x0000024f3ed06170 JavaThread "DestroyJavaVM" [_thread_blocked, id=38804, stack(0x0000008ce6d00000,0x0000008ce6e00000)]
  0x0000024fb1ae6ed0 JavaThread "JDA RateLimit-Scheduler-Worker 1" [_thread_blocked, id=28488, stack(0x0000008ce9300000,0x0000008ce9400000)]
  0x0000024fb1ae4650 JavaThread "JDA RateLimit-Scheduler-Worker 2" [_thread_blocked, id=36908, stack(0x0000008ce9400000,0x0000008ce9500000)]
  0x0000024fb1ae5a90 JavaThread "JDA RateLimit-Elastic-Worker 1" [_thread_blocked, id=65828, stack(0x0000008ce9500000,0x0000008ce9600000)]
  0x0000024fb1ae4140 JavaThread "ForkJoinPool.commonPool-worker-2" daemon [_thread_blocked, id=47216, stack(0x0000008ce9600000,0x0000008ce9700000)]
  0x0000024fb23ab8f0 JavaThread "JDA Gateway-Worker 1" daemon [_thread_blocked, id=79164, stack(0x0000008cea000000,0x0000008cea100000)]
  0x0000024fb23ab3e0 JavaThread "ForkJoinPool.commonPool-worker-4" daemon [_thread_blocked, id=56600, stack(0x0000008cea100000,0x0000008cea200000)]
  0x0000024fb23abe00 JavaThread "JDA MainWS-ReadThread" daemon [_thread_in_native, id=85868, stack(0x0000008cea300000,0x0000008cea400000)]
  0x0000024fb23ac310 JavaThread "JDA MainWS-WriteThread" daemon [_thread_blocked, id=63280, stack(0x0000008cea400000,0x0000008cea500000)]
  0x0000024fb23ac820 JavaThread "DiscordMessageProcessor" daemon [_thread_blocked, id=76184, stack(0x0000008cea900000,0x0000008ceaa00000)]
  0x0000024fb23a9070 JavaThread "Discord-Operations" daemon [_thread_blocked, id=60724, stack(0x0000008ceab00000,0x0000008ceac00000)]
  0x0000024fb23aa4b0 JavaThread "multiThreadIoEventLoopGroup-3-1" [_thread_in_native, id=29808, stack(0x0000008ce6a00000,0x0000008ce6b00000)]
  0x0000024fb23af5b0 JavaThread "DiscordBot-Threading" daemon [_thread_blocked, id=64048, stack(0x0000008ce6c00000,0x0000008ce6d00000)]
  0x0000024fb23adc60 JavaThread "StonerSaveWorker" daemon [_thread_blocked, id=14368, stack(0x0000008ce9f00000,0x0000008cea000000)]

Other Threads:
  0x0000024f6ba0acd0 VMThread "VM Thread" [stack: 0x0000008ce7300000,0x0000008ce7400000] [id=21480]
  0x0000024f6bb85060 WatcherThread [stack: 0x0000008ce7e00000,0x0000008ce7f00000] [id=41864]
  0x0000024f3ed73ea0 GCTaskThread "GC Thread#0" [stack: 0x0000008ce6e00000,0x0000008ce6f00000] [id=52884]
  0x0000024fb1720f50 GCTaskThread "GC Thread#1" [stack: 0x0000008ce8000000,0x0000008ce8100000] [id=31276]
  0x0000024fb16c3030 GCTaskThread "GC Thread#2" [stack: 0x0000008ce8100000,0x0000008ce8200000] [id=59860]
  0x0000024fb1750380 GCTaskThread "GC Thread#3" [stack: 0x0000008ce8200000,0x0000008ce8300000] [id=16588]
  0x0000024fb1751140 GCTaskThread "GC Thread#4" [stack: 0x0000008ce8300000,0x0000008ce8400000] [id=86752]
  0x0000024fb1750e80 GCTaskThread "GC Thread#5" [stack: 0x0000008ce8400000,0x0000008ce8500000] [id=66740]
  0x0000024fb1750bc0 GCTaskThread "GC Thread#6" [stack: 0x0000008ce8500000,0x0000008ce8600000] [id=25372]
  0x0000024fb1750640 GCTaskThread "GC Thread#7" [stack: 0x0000008ce8600000,0x0000008ce8700000] [id=13208]
  0x0000024fb174f5c0 GCTaskThread "GC Thread#8" [stack: 0x0000008ce8700000,0x0000008ce8800000] [id=78536]
  0x0000024fb1750900 GCTaskThread "GC Thread#9" [stack: 0x0000008ce8800000,0x0000008ce8900000] [id=21044]
  0x0000024f3ed81940 ConcurrentGCThread "G1 Main Marker" [stack: 0x0000008ce6f00000,0x0000008ce7000000] [id=86532]
  0x0000024f68d62400 ConcurrentGCThread "G1 Conc#0" [stack: 0x0000008ce7000000,0x0000008ce7100000] [id=59488]
  0x0000024fb254b870 ConcurrentGCThread "G1 Conc#1" [stack: 0x0000008ce9900000,0x0000008ce9a00000] [id=56216]
  0x0000024fb254ad70 ConcurrentGCThread "G1 Conc#2" [stack: 0x0000008ce9a00000,0x0000008ce9b00000] [id=44796]
  0x0000024f68e23920 ConcurrentGCThread "G1 Refine#0" [stack: 0x0000008ce7100000,0x0000008ce7200000] [id=63452]
  0x0000024fb1da6da0 ConcurrentGCThread "G1 Refine#1" [stack: 0x0000008ce8c00000,0x0000008ce8d00000] [id=53032]
  0x0000024fb1751d90 ConcurrentGCThread "G1 Refine#2" [stack: 0x0000008ce8d00000,0x0000008ce8e00000] [id=25368]
  0x0000024f68e24350 ConcurrentGCThread "G1 Service" [stack: 0x0000008ce7200000,0x0000008ce7300000] [id=78772]

Threads with active compile tasks:
C2 CompilerThread0   443760 5654   !   4       io.netty.channel.AbstractChannelHandlerContext::write (230 bytes)

VM state: not at safepoint (normal execution)

VM Mutex/Monitor currently owned by a thread: None

Heap address: 0x0000000601400000, size: 8172 MB, Compressed Oops mode: Zero based, Oop shift amount: 3

CDS archive(s) mapped at: [0x0000024f6c000000-0x0000024f6cbb0000-0x0000024f6cbb0000), size 12255232, SharedBaseAddress: 0x0000024f6c000000, ArchiveRelocationMode: 1.
Compressed class space mapped at: 0x0000024f6d000000-0x0000024fad000000, reserved size: 1073741824
Narrow klass base: 0x0000024f6c000000, Narrow klass shift: 0, Narrow klass range: 0x100000000

GC Precious Log:
 CPUs: 12 total, 12 available
 Memory: 32680M
 Large Page Support: Disabled
 NUMA Support: Disabled
 Compressed Oops: Enabled (Zero based)
 Heap Region Size: 4M
 Heap Min Capacity: 8M
 Heap Initial Capacity: 512M
 Heap Max Capacity: 8172M
 Pre-touch: Disabled
 Parallel Workers: 10
 Concurrent Workers: 3
 Concurrent Refinement Workers: 10
 Periodic GC: Disabled

Heap:
 garbage-first heap   total 1048576K, used 747901K [0x0000000601400000, 0x0000000800000000)
  region size 4096K, 119 young (487424K), 1 survivors (4096K)
 Metaspace       used 34078K, committed 34496K, reserved 1114112K
  class space    used 3645K, committed 3840K, reserved 1048576K

Heap Regions: E=young(eden), S=young(survivor), O=old, HS=humongous(starts), HC=humongous(continues), CS=collection set, F=free, OA=open archive, CA=closed archive, TAMS=top-at-mark-start (previous, next)
|   0|0x0000000601400000, 0x0000000601800000, 0x0000000601800000|100%| O|  |TAMS 0x0000000601800000, 0x0000000601400000| Untracked 
|   1|0x0000000601800000, 0x0000000601c00000, 0x0000000601c00000|100%| O|  |TAMS 0x0000000601c00000, 0x0000000601800000| Untracked 
|   2|0x0000000601c00000, 0x0000000602000000, 0x0000000602000000|100%| O|  |TAMS 0x0000000602000000, 0x0000000601c00000| Untracked 
|   3|0x0000000602000000, 0x0000000602400000, 0x0000000602400000|100%| O|  |TAMS 0x0000000602400000, 0x0000000602000000| Untracked 
|   4|0x0000000602400000, 0x0000000602800000, 0x0000000602800000|100%| O|  |TAMS 0x0000000602400000, 0x0000000602400000| Untracked 
|   5|0x0000000602800000, 0x00000006029f3200, 0x0000000602c00000| 48%| O|  |TAMS 0x0000000602800000, 0x0000000602800000| Untracked 
|   6|0x0000000602c00000, 0x0000000602c00000, 0x0000000603000000|  0%| F|  |TAMS 0x0000000602c00000, 0x0000000602c00000| Untracked 
|   7|0x0000000603000000, 0x0000000603000000, 0x0000000603400000|  0%| F|  |TAMS 0x0000000603000000, 0x0000000603000000| Untracked 
|   8|0x0000000603400000, 0x0000000603400000, 0x0000000603800000|  0%| F|  |TAMS 0x0000000603400000, 0x0000000603400000| Untracked 
|   9|0x0000000603800000, 0x0000000603800000, 0x0000000603c00000|  0%| F|  |TAMS 0x0000000603800000, 0x0000000603800000| Untracked 
|  10|0x0000000603c00000, 0x0000000604000000, 0x0000000604000000|100%| O|  |TAMS 0x0000000604000000, 0x0000000603c00000| Untracked 
|  11|0x0000000604000000, 0x0000000604000000, 0x0000000604400000|  0%| F|  |TAMS 0x0000000604000000, 0x0000000604000000| Untracked 
|  12|0x0000000604400000, 0x0000000604400000, 0x0000000604800000|  0%| F|  |TAMS 0x0000000604400000, 0x0000000604400000| Untracked 
|  13|0x0000000604800000, 0x0000000604800000, 0x0000000604c00000|  0%| F|  |TAMS 0x0000000604800000, 0x0000000604800000| Untracked 
|  14|0x0000000604c00000, 0x0000000604c00000, 0x0000000605000000|  0%| F|  |TAMS 0x0000000604c00000, 0x0000000604c00000| Untracked 
|  15|0x0000000605000000, 0x0000000605000000, 0x0000000605400000|  0%| F|  |TAMS 0x0000000605000000, 0x0000000605000000| Untracked 
|  16|0x0000000605400000, 0x0000000605400000, 0x0000000605800000|  0%| F|  |TAMS 0x0000000605400000, 0x0000000605400000| Untracked 
|  17|0x0000000605800000, 0x0000000605c00000, 0x0000000605c00000|100%| O|  |TAMS 0x0000000605c00000, 0x0000000605800000| Untracked 
|  18|0x0000000605c00000, 0x0000000606000000, 0x0000000606000000|100%| O|  |TAMS 0x0000000606000000, 0x0000000605c00000| Untracked 
|  19|0x0000000606000000, 0x0000000606000000, 0x0000000606400000|  0%| F|  |TAMS 0x0000000606000000, 0x0000000606000000| Untracked 
|  20|0x0000000606400000, 0x0000000606400000, 0x0000000606800000|  0%| F|  |TAMS 0x0000000606400000, 0x0000000606400000| Untracked 
|  21|0x0000000606800000, 0x0000000606800000, 0x0000000606c00000|  0%| F|  |TAMS 0x0000000606800000, 0x0000000606800000| Untracked 
|  22|0x0000000606c00000, 0x0000000606c00000, 0x0000000607000000|  0%| F|  |TAMS 0x0000000606c00000, 0x0000000606c00000| Untracked 
|  23|0x0000000607000000, 0x0000000607400000, 0x0000000607400000|100%| O|  |TAMS 0x0000000607400000, 0x0000000607000000| Untracked 
|  24|0x0000000607400000, 0x0000000607800000, 0x0000000607800000|100%| O|  |TAMS 0x0000000607800000, 0x0000000607400000| Untracked 
|  25|0x0000000607800000, 0x0000000607c00000, 0x0000000607c00000|100%| O|  |TAMS 0x0000000607c00000, 0x0000000607800000| Untracked 
|  26|0x0000000607c00000, 0x0000000608000000, 0x0000000608000000|100%| O|  |TAMS 0x0000000608000000, 0x0000000607c00000| Untracked 
|  27|0x0000000608000000, 0x0000000608000000, 0x0000000608400000|  0%| F|  |TAMS 0x0000000608000000, 0x0000000608000000| Untracked 
|  28|0x0000000608400000, 0x0000000608800000, 0x0000000608800000|100%| O|  |TAMS 0x0000000608800000, 0x0000000608400000| Untracked 
|  29|0x0000000608800000, 0x0000000608c00000, 0x0000000608c00000|100%| O|  |TAMS 0x0000000608c00000, 0x0000000608800000| Untracked 
|  30|0x0000000608c00000, 0x0000000609000000, 0x0000000609000000|100%| O|  |TAMS 0x0000000609000000, 0x0000000608c00000| Untracked 
|  31|0x0000000609000000, 0x0000000609400000, 0x0000000609400000|100%| O|  |TAMS 0x0000000609400000, 0x0000000609000000| Untracked 
|  32|0x0000000609400000, 0x0000000609800000, 0x0000000609800000|100%| O|  |TAMS 0x0000000609800000, 0x0000000609400000| Untracked 
|  33|0x0000000609800000, 0x0000000609c00000, 0x0000000609c00000|100%| O|  |TAMS 0x0000000609c00000, 0x0000000609800000| Untracked 
|  34|0x0000000609c00000, 0x000000060a000000, 0x000000060a000000|100%| O|  |TAMS 0x000000060a000000, 0x0000000609c00000| Untracked 
|  35|0x000000060a000000, 0x000000060a400000, 0x000000060a400000|100%| O|  |TAMS 0x000000060a400000, 0x000000060a000000| Untracked 
|  36|0x000000060a400000, 0x000000060a800000, 0x000000060a800000|100%| O|  |TAMS 0x000000060a800000, 0x000000060a400000| Untracked 
|  37|0x000000060a800000, 0x000000060ac00000, 0x000000060ac00000|100%| O|  |TAMS 0x000000060ac00000, 0x000000060a800000| Untracked 
|  38|0x000000060ac00000, 0x000000060b000000, 0x000000060b000000|100%| O|  |TAMS 0x000000060b000000, 0x000000060ac00000| Untracked 
|  39|0x000000060b000000, 0x000000060b400000, 0x000000060b400000|100%| O|  |TAMS 0x000000060b400000, 0x000000060b000000| Untracked 
|  40|0x000000060b400000, 0x000000060b800000, 0x000000060b800000|100%| O|  |TAMS 0x000000060b800000, 0x000000060b400000| Untracked 
|  41|0x000000060b800000, 0x000000060bc00000, 0x000000060bc00000|100%| O|  |TAMS 0x000000060bc00000, 0x000000060b800000| Untracked 
|  42|0x000000060bc00000, 0x000000060c000000, 0x000000060c000000|100%| O|  |TAMS 0x000000060c000000, 0x000000060bc00000| Untracked 
|  43|0x000000060c000000, 0x000000060c400000, 0x000000060c400000|100%| O|  |TAMS 0x000000060c400000, 0x000000060c000000| Untracked 
|  44|0x000000060c400000, 0x000000060c800000, 0x000000060c800000|100%| O|  |TAMS 0x000000060c800000, 0x000000060c400000| Untracked 
|  45|0x000000060c800000, 0x000000060cc00000, 0x000000060cc00000|100%| O|  |TAMS 0x000000060cc00000, 0x000000060c800000| Untracked 
|  46|0x000000060cc00000, 0x000000060d000000, 0x000000060d000000|100%| O|  |TAMS 0x000000060d000000, 0x000000060cc00000| Untracked 
|  47|0x000000060d000000, 0x000000060d400000, 0x000000060d400000|100%| O|  |TAMS 0x000000060d400000, 0x000000060d000000| Untracked 
|  48|0x000000060d400000, 0x000000060d800000, 0x000000060d800000|100%| O|  |TAMS 0x000000060d800000, 0x000000060d400000| Untracked 
|  49|0x000000060d800000, 0x000000060dc00000, 0x000000060dc00000|100%| O|  |TAMS 0x000000060dc00000, 0x000000060d800000| Untracked 
|  50|0x000000060dc00000, 0x000000060e000000, 0x000000060e000000|100%| O|  |TAMS 0x000000060e000000, 0x000000060dc00000| Untracked 
|  51|0x000000060e000000, 0x000000060e400000, 0x000000060e400000|100%| O|  |TAMS 0x000000060e400000, 0x000000060e000000| Untracked 
|  52|0x000000060e400000, 0x000000060e800000, 0x000000060e800000|100%| O|  |TAMS 0x000000060e800000, 0x000000060e400000| Untracked 
|  53|0x000000060e800000, 0x000000060ec00000, 0x000000060ec00000|100%| O|  |TAMS 0x000000060ec00000, 0x000000060e800000| Untracked 
|  54|0x000000060ec00000, 0x000000060f000000, 0x000000060f000000|100%| O|  |TAMS 0x000000060f000000, 0x000000060ec00000| Untracked 
|  55|0x000000060f000000, 0x000000060f400000, 0x000000060f400000|100%| O|  |TAMS 0x000000060f400000, 0x000000060f000000| Untracked 
|  56|0x000000060f400000, 0x000000060f800000, 0x000000060f800000|100%| O|  |TAMS 0x000000060f800000, 0x000000060f400000| Untracked 
|  57|0x000000060f800000, 0x000000060fc00000, 0x000000060fc00000|100%| O|  |TAMS 0x000000060fc00000, 0x000000060f800000| Untracked 
|  58|0x000000060fc00000, 0x0000000610000000, 0x0000000610000000|100%| O|  |TAMS 0x0000000610000000, 0x000000060fc00000| Untracked 
|  59|0x0000000610000000, 0x0000000610400000, 0x0000000610400000|100%| O|  |TAMS 0x0000000610400000, 0x0000000610000000| Untracked 
|  60|0x0000000610400000, 0x0000000610800000, 0x0000000610800000|100%| O|  |TAMS 0x0000000610800000, 0x0000000610400000| Untracked 
|  61|0x0000000610800000, 0x0000000610c00000, 0x0000000610c00000|100%| O|  |TAMS 0x0000000610c00000, 0x0000000610800000| Untracked 
|  62|0x0000000610c00000, 0x0000000611000000, 0x0000000611000000|100%| O|  |TAMS 0x0000000611000000, 0x0000000610c00000| Untracked 
|  63|0x0000000611000000, 0x0000000611400000, 0x0000000611400000|100%| O|  |TAMS 0x0000000611400000, 0x0000000611000000| Untracked 
|  64|0x0000000611400000, 0x0000000611800000, 0x0000000611800000|100%| O|  |TAMS 0x0000000611800000, 0x0000000611400000| Untracked 
|  65|0x0000000611800000, 0x0000000611c00000, 0x0000000611c00000|100%| O|  |TAMS 0x0000000611c00000, 0x0000000611800000| Untracked 
|  66|0x0000000611c00000, 0x0000000612000000, 0x0000000612000000|100%| O|  |TAMS 0x0000000612000000, 0x0000000611c00000| Untracked 
|  67|0x0000000612000000, 0x0000000612400000, 0x0000000612400000|100%| O|  |TAMS 0x0000000612400000, 0x0000000612000000| Untracked 
|  68|0x0000000612400000, 0x0000000612800000, 0x0000000612800000|100%| O|  |TAMS 0x0000000612800000, 0x0000000612400000| Untracked 
|  69|0x0000000612800000, 0x0000000612c00000, 0x0000000612c00000|100%| O|  |TAMS 0x0000000612c00000, 0x0000000612800000| Untracked 
|  70|0x0000000612c00000, 0x0000000613000000, 0x0000000613000000|100%| O|  |TAMS 0x0000000613000000, 0x0000000612c00000| Untracked 
|  71|0x0000000613000000, 0x0000000613400000, 0x0000000613400000|100%| O|  |TAMS 0x0000000613400000, 0x0000000613000000| Untracked 
|  72|0x0000000613400000, 0x0000000613800000, 0x0000000613800000|100%| O|  |TAMS 0x0000000613800000, 0x0000000613400000| Untracked 
|  73|0x0000000613800000, 0x0000000613c00000, 0x0000000613c00000|100%| O|  |TAMS 0x0000000613c00000, 0x0000000613800000| Untracked 
|  74|0x0000000613c00000, 0x0000000614000000, 0x0000000614000000|100%| O|  |TAMS 0x0000000614000000, 0x0000000613c00000| Untracked 
|  75|0x0000000614000000, 0x0000000614400000, 0x0000000614400000|100%| O|  |TAMS 0x0000000614400000, 0x0000000614000000| Untracked 
|  76|0x0000000614400000, 0x0000000614800000, 0x0000000614800000|100%| O|  |TAMS 0x0000000614800000, 0x0000000614400000| Untracked 
|  77|0x0000000614800000, 0x0000000614c00000, 0x0000000614c00000|100%| O|  |TAMS 0x0000000614c00000, 0x0000000614800000| Untracked 
|  78|0x0000000614c00000, 0x0000000615000000, 0x0000000615000000|100%| O|  |TAMS 0x0000000615000000, 0x0000000614c00000| Untracked 
|  79|0x0000000615000000, 0x0000000615400000, 0x0000000615400000|100%| O|  |TAMS 0x0000000615400000, 0x0000000615000000| Untracked 
|  80|0x0000000615400000, 0x0000000615800000, 0x0000000615800000|100%| O|  |TAMS 0x0000000615785c00, 0x0000000615400000| Untracked 
|  81|0x0000000615800000, 0x0000000615800000, 0x0000000615c00000|  0%| F|  |TAMS 0x0000000615800000, 0x0000000615800000| Untracked 
|  82|0x0000000615c00000, 0x0000000615c00000, 0x0000000616000000|  0%| F|  |TAMS 0x0000000615c00000, 0x0000000615c00000| Untracked 
|  83|0x0000000616000000, 0x0000000616000000, 0x0000000616400000|  0%| F|  |TAMS 0x0000000616000000, 0x0000000616000000| Untracked 
|  84|0x0000000616400000, 0x0000000616400000, 0x0000000616800000|  0%| F|  |TAMS 0x0000000616400000, 0x0000000616400000| Untracked 
|  85|0x0000000616800000, 0x0000000616800000, 0x0000000616c00000|  0%| F|  |TAMS 0x0000000616800000, 0x0000000616800000| Untracked 
|  86|0x0000000616c00000, 0x0000000616c00000, 0x0000000617000000|  0%| F|  |TAMS 0x0000000616c00000, 0x0000000616c00000| Untracked 
|  87|0x0000000617000000, 0x0000000617000000, 0x0000000617400000|  0%| F|  |TAMS 0x0000000617000000, 0x0000000617000000| Untracked 
|  88|0x0000000617400000, 0x0000000617400000, 0x0000000617800000|  0%| F|  |TAMS 0x0000000617400000, 0x0000000617400000| Untracked 
|  89|0x0000000617800000, 0x0000000617800000, 0x0000000617c00000|  0%| F|  |TAMS 0x0000000617800000, 0x0000000617800000| Untracked 
|  90|0x0000000617c00000, 0x0000000617c00000, 0x0000000618000000|  0%| F|  |TAMS 0x0000000617c00000, 0x0000000617c00000| Untracked 
|  91|0x0000000618000000, 0x0000000618000000, 0x0000000618400000|  0%| F|  |TAMS 0x0000000618000000, 0x0000000618000000| Untracked 
|  92|0x0000000618400000, 0x0000000618400000, 0x0000000618800000|  0%| F|  |TAMS 0x0000000618400000, 0x0000000618400000| Untracked 
|  93|0x0000000618800000, 0x0000000618800000, 0x0000000618c00000|  0%| F|  |TAMS 0x0000000618800000, 0x0000000618800000| Untracked 
|  94|0x0000000618c00000, 0x0000000618c00000, 0x0000000619000000|  0%| F|  |TAMS 0x0000000618c00000, 0x0000000618c00000| Untracked 
|  95|0x0000000619000000, 0x0000000619000000, 0x0000000619400000|  0%| F|  |TAMS 0x0000000619000000, 0x0000000619000000| Untracked 
|  96|0x0000000619400000, 0x0000000619400000, 0x0000000619800000|  0%| F|  |TAMS 0x0000000619400000, 0x0000000619400000| Untracked 
|  97|0x0000000619800000, 0x0000000619800000, 0x0000000619c00000|  0%| F|  |TAMS 0x0000000619800000, 0x0000000619800000| Untracked 
|  98|0x0000000619c00000, 0x0000000619c00000, 0x000000061a000000|  0%| F|  |TAMS 0x0000000619c00000, 0x0000000619c00000| Untracked 
|  99|0x000000061a000000, 0x000000061a000000, 0x000000061a400000|  0%| F|  |TAMS 0x000000061a000000, 0x000000061a000000| Untracked 
| 100|0x000000061a400000, 0x000000061a400000, 0x000000061a800000|  0%| F|  |TAMS 0x000000061a400000, 0x000000061a400000| Untracked 
| 101|0x000000061a800000, 0x000000061a800000, 0x000000061ac00000|  0%| F|  |TAMS 0x000000061a800000, 0x000000061a800000| Untracked 
| 102|0x000000061ac00000, 0x000000061ac00000, 0x000000061b000000|  0%| F|  |TAMS 0x000000061ac00000, 0x000000061ac00000| Untracked 
| 103|0x000000061b000000, 0x000000061b000000, 0x000000061b400000|  0%| F|  |TAMS 0x000000061b000000, 0x000000061b000000| Untracked 
| 104|0x000000061b400000, 0x000000061b400000, 0x000000061b800000|  0%| F|  |TAMS 0x000000061b400000, 0x000000061b400000| Untracked 
| 105|0x000000061b800000, 0x000000061b800000, 0x000000061bc00000|  0%| F|  |TAMS 0x000000061b800000, 0x000000061b800000| Untracked 
| 106|0x000000061bc00000, 0x000000061bc00000, 0x000000061c000000|  0%| F|  |TAMS 0x000000061bc00000, 0x000000061bc00000| Untracked 
| 107|0x000000061c000000, 0x000000061c000000, 0x000000061c400000|  0%| F|  |TAMS 0x000000061c000000, 0x000000061c000000| Untracked 
| 108|0x000000061c400000, 0x000000061c400000, 0x000000061c800000|  0%| F|  |TAMS 0x000000061c400000, 0x000000061c400000| Untracked 
| 109|0x000000061c800000, 0x000000061c800000, 0x000000061cc00000|  0%| F|  |TAMS 0x000000061c800000, 0x000000061c800000| Untracked 
| 110|0x000000061cc00000, 0x000000061cc00000, 0x000000061d000000|  0%| F|  |TAMS 0x000000061cc00000, 0x000000061cc00000| Untracked 
| 111|0x000000061d000000, 0x000000061d000000, 0x000000061d400000|  0%| F|  |TAMS 0x000000061d000000, 0x000000061d000000| Untracked 
| 112|0x000000061d400000, 0x000000061d400000, 0x000000061d800000|  0%| F|  |TAMS 0x000000061d400000, 0x000000061d400000| Untracked 
| 113|0x000000061d800000, 0x000000061d800000, 0x000000061dc00000|  0%| F|  |TAMS 0x000000061d800000, 0x000000061d800000| Untracked 
| 114|0x000000061dc00000, 0x000000061dc00000, 0x000000061e000000|  0%| F|  |TAMS 0x000000061dc00000, 0x000000061dc00000| Untracked 
| 115|0x000000061e000000, 0x000000061e000000, 0x000000061e400000|  0%| F|  |TAMS 0x000000061e000000, 0x000000061e000000| Untracked 
| 116|0x000000061e400000, 0x000000061e400000, 0x000000061e800000|  0%| F|  |TAMS 0x000000061e400000, 0x000000061e400000| Untracked 
| 117|0x000000061e800000, 0x000000061e800000, 0x000000061ec00000|  0%| F|  |TAMS 0x000000061e800000, 0x000000061e800000| Untracked 
| 118|0x000000061ec00000, 0x000000061ec00000, 0x000000061f000000|  0%| F|  |TAMS 0x000000061ec00000, 0x000000061ec00000| Untracked 
| 119|0x000000061f000000, 0x000000061f000000, 0x000000061f400000|  0%| F|  |TAMS 0x000000061f000000, 0x000000061f000000| Untracked 
| 120|0x000000061f400000, 0x000000061f400000, 0x000000061f800000|  0%| F|  |TAMS 0x000000061f400000, 0x000000061f400000| Untracked 
| 121|0x000000061f800000, 0x000000061f800000, 0x000000061fc00000|  0%| F|  |TAMS 0x000000061f800000, 0x000000061f800000| Untracked 
| 122|0x000000061fc00000, 0x000000061fc00000, 0x0000000620000000|  0%| F|  |TAMS 0x000000061fc00000, 0x000000061fc00000| Untracked 
| 123|0x0000000620000000, 0x0000000620000000, 0x0000000620400000|  0%| F|  |TAMS 0x0000000620000000, 0x0000000620000000| Untracked 
| 124|0x0000000620400000, 0x0000000620400000, 0x0000000620800000|  0%| F|  |TAMS 0x0000000620400000, 0x0000000620400000| Untracked 
| 125|0x0000000620800000, 0x0000000620800000, 0x0000000620c00000|  0%| F|  |TAMS 0x0000000620800000, 0x0000000620800000| Untracked 
| 126|0x0000000620c00000, 0x0000000620c00000, 0x0000000621000000|  0%| F|  |TAMS 0x0000000620c00000, 0x0000000620c00000| Untracked 
| 127|0x0000000621000000, 0x0000000621000000, 0x0000000621400000|  0%| F|  |TAMS 0x0000000621000000, 0x0000000621000000| Untracked 
| 128|0x0000000621400000, 0x0000000621400000, 0x0000000621800000|  0%| F|  |TAMS 0x0000000621400000, 0x0000000621400000| Untracked 
| 129|0x0000000621800000, 0x0000000621800000, 0x0000000621c00000|  0%| F|  |TAMS 0x0000000621800000, 0x0000000621800000| Untracked 
| 130|0x0000000621c00000, 0x0000000621c00000, 0x0000000622000000|  0%| F|  |TAMS 0x0000000621c00000, 0x0000000621c00000| Untracked 
| 131|0x0000000622000000, 0x0000000622000000, 0x0000000622400000|  0%| F|  |TAMS 0x0000000622000000, 0x0000000622000000| Untracked 
| 132|0x0000000622400000, 0x0000000622400000, 0x0000000622800000|  0%| F|  |TAMS 0x0000000622400000, 0x0000000622400000| Untracked 
| 133|0x0000000622800000, 0x0000000622800000, 0x0000000622c00000|  0%| F|  |TAMS 0x0000000622800000, 0x0000000622800000| Untracked 
| 134|0x0000000622c00000, 0x0000000622c00000, 0x0000000623000000|  0%| F|  |TAMS 0x0000000622c00000, 0x0000000622c00000| Untracked 
| 135|0x0000000623000000, 0x0000000623000000, 0x0000000623400000|  0%| F|  |TAMS 0x0000000623000000, 0x0000000623000000| Untracked 
| 136|0x0000000623400000, 0x0000000623400000, 0x0000000623800000|  0%| F|  |TAMS 0x0000000623400000, 0x0000000623400000| Untracked 
| 137|0x0000000623800000, 0x0000000623c00000, 0x0000000623c00000|100%| E|  |TAMS 0x0000000623800000, 0x0000000623800000| Complete 
| 138|0x0000000623c00000, 0x0000000624000000, 0x0000000624000000|100%| E|CS|TAMS 0x0000000623c00000, 0x0000000623c00000| Complete 
| 139|0x0000000624000000, 0x0000000624400000, 0x0000000624400000|100%| E|CS|TAMS 0x0000000624000000, 0x0000000624000000| Complete 
| 140|0x0000000624400000, 0x0000000624800000, 0x0000000624800000|100%| E|CS|TAMS 0x0000000624400000, 0x0000000624400000| Complete 
| 141|0x0000000624800000, 0x0000000624c00000, 0x0000000624c00000|100%| E|CS|TAMS 0x0000000624800000, 0x0000000624800000| Complete 
| 142|0x0000000624c00000, 0x0000000625000000, 0x0000000625000000|100%| E|CS|TAMS 0x0000000624c00000, 0x0000000624c00000| Complete 
| 143|0x0000000625000000, 0x0000000625400000, 0x0000000625400000|100%| E|CS|TAMS 0x0000000625000000, 0x0000000625000000| Complete 
| 144|0x0000000625400000, 0x0000000625800000, 0x0000000625800000|100%| E|CS|TAMS 0x0000000625400000, 0x0000000625400000| Complete 
| 145|0x0000000625800000, 0x0000000625c00000, 0x0000000625c00000|100%| E|CS|TAMS 0x0000000625800000, 0x0000000625800000| Complete 
| 146|0x0000000625c00000, 0x0000000626000000, 0x0000000626000000|100%| E|CS|TAMS 0x0000000625c00000, 0x0000000625c00000| Complete 
| 147|0x0000000626000000, 0x0000000626400000, 0x0000000626400000|100%| E|CS|TAMS 0x0000000626000000, 0x0000000626000000| Complete 
| 148|0x0000000626400000, 0x0000000626800000, 0x0000000626800000|100%| E|CS|TAMS 0x0000000626400000, 0x0000000626400000| Complete 
| 149|0x0000000626800000, 0x0000000626c00000, 0x0000000626c00000|100%| E|CS|TAMS 0x0000000626800000, 0x0000000626800000| Complete 
| 150|0x0000000626c00000, 0x0000000627000000, 0x0000000627000000|100%| E|CS|TAMS 0x0000000626c00000, 0x0000000626c00000| Complete 
| 151|0x0000000627000000, 0x0000000627400000, 0x0000000627400000|100%| E|CS|TAMS 0x0000000627000000, 0x0000000627000000| Complete 
| 152|0x0000000627400000, 0x0000000627800000, 0x0000000627800000|100%| E|CS|TAMS 0x0000000627400000, 0x0000000627400000| Complete 
| 153|0x0000000627800000, 0x0000000627c00000, 0x0000000627c00000|100%| E|CS|TAMS 0x0000000627800000, 0x0000000627800000| Complete 
| 154|0x0000000627c00000, 0x0000000628000000, 0x0000000628000000|100%| E|CS|TAMS 0x0000000627c00000, 0x0000000627c00000| Complete 
| 155|0x0000000628000000, 0x0000000628400000, 0x0000000628400000|100%| E|CS|TAMS 0x0000000628000000, 0x0000000628000000| Complete 
| 156|0x0000000628400000, 0x0000000628800000, 0x0000000628800000|100%| E|CS|TAMS 0x0000000628400000, 0x0000000628400000| Complete 
| 157|0x0000000628800000, 0x0000000628c00000, 0x0000000628c00000|100%| E|CS|TAMS 0x0000000628800000, 0x0000000628800000| Complete 
| 158|0x0000000628c00000, 0x0000000629000000, 0x0000000629000000|100%| E|CS|TAMS 0x0000000628c00000, 0x0000000628c00000| Complete 
| 159|0x0000000629000000, 0x0000000629400000, 0x0000000629400000|100%| E|CS|TAMS 0x0000000629000000, 0x0000000629000000| Complete 
| 160|0x0000000629400000, 0x0000000629800000, 0x0000000629800000|100%| E|CS|TAMS 0x0000000629400000, 0x0000000629400000| Complete 
| 161|0x0000000629800000, 0x0000000629c00000, 0x0000000629c00000|100%| E|CS|TAMS 0x0000000629800000, 0x0000000629800000| Complete 
| 162|0x0000000629c00000, 0x000000062a000000, 0x000000062a000000|100%| E|CS|TAMS 0x0000000629c00000, 0x0000000629c00000| Complete 
| 163|0x000000062a000000, 0x000000062a400000, 0x000000062a400000|100%| E|CS|TAMS 0x000000062a000000, 0x000000062a000000| Complete 
| 164|0x000000062a400000, 0x000000062a800000, 0x000000062a800000|100%| E|CS|TAMS 0x000000062a400000, 0x000000062a400000| Complete 
| 165|0x000000062a800000, 0x000000062ac00000, 0x000000062ac00000|100%| E|CS|TAMS 0x000000062a800000, 0x000000062a800000| Complete 
| 166|0x000000062ac00000, 0x000000062b000000, 0x000000062b000000|100%| E|CS|TAMS 0x000000062ac00000, 0x000000062ac00000| Complete 
| 167|0x000000062b000000, 0x000000062b400000, 0x000000062b400000|100%| E|CS|TAMS 0x000000062b000000, 0x000000062b000000| Complete 
| 168|0x000000062b400000, 0x000000062b800000, 0x000000062b800000|100%| E|CS|TAMS 0x000000062b400000, 0x000000062b400000| Complete 
| 169|0x000000062b800000, 0x000000062bc00000, 0x000000062bc00000|100%| E|CS|TAMS 0x000000062b800000, 0x000000062b800000| Complete 
| 170|0x000000062bc00000, 0x000000062c000000, 0x000000062c000000|100%| E|CS|TAMS 0x000000062bc00000, 0x000000062bc00000| Complete 
| 171|0x000000062c000000, 0x000000062c400000, 0x000000062c400000|100%| E|CS|TAMS 0x000000062c000000, 0x000000062c000000| Complete 
| 172|0x000000062c400000, 0x000000062c800000, 0x000000062c800000|100%| E|CS|TAMS 0x000000062c400000, 0x000000062c400000| Complete 
| 173|0x000000062c800000, 0x000000062cc00000, 0x000000062cc00000|100%| E|CS|TAMS 0x000000062c800000, 0x000000062c800000| Complete 
| 174|0x000000062cc00000, 0x000000062d000000, 0x000000062d000000|100%| E|CS|TAMS 0x000000062cc00000, 0x000000062cc00000| Complete 
| 175|0x000000062d000000, 0x000000062d400000, 0x000000062d400000|100%| E|CS|TAMS 0x000000062d000000, 0x000000062d000000| Complete 
| 176|0x000000062d400000, 0x000000062d800000, 0x000000062d800000|100%| E|CS|TAMS 0x000000062d400000, 0x000000062d400000| Complete 
| 177|0x000000062d800000, 0x000000062dc00000, 0x000000062dc00000|100%| E|CS|TAMS 0x000000062d800000, 0x000000062d800000| Complete 
| 178|0x000000062dc00000, 0x000000062e000000, 0x000000062e000000|100%| E|CS|TAMS 0x000000062dc00000, 0x000000062dc00000| Complete 
| 179|0x000000062e000000, 0x000000062e400000, 0x000000062e400000|100%| E|CS|TAMS 0x000000062e000000, 0x000000062e000000| Complete 
| 180|0x000000062e400000, 0x000000062e800000, 0x000000062e800000|100%| E|CS|TAMS 0x000000062e400000, 0x000000062e400000| Complete 
| 181|0x000000062e800000, 0x000000062ec00000, 0x000000062ec00000|100%| E|CS|TAMS 0x000000062e800000, 0x000000062e800000| Complete 
| 182|0x000000062ec00000, 0x000000062f000000, 0x000000062f000000|100%| E|CS|TAMS 0x000000062ec00000, 0x000000062ec00000| Complete 
| 183|0x000000062f000000, 0x000000062f400000, 0x000000062f400000|100%| E|CS|TAMS 0x000000062f000000, 0x000000062f000000| Complete 
| 184|0x000000062f400000, 0x000000062f800000, 0x000000062f800000|100%| E|CS|TAMS 0x000000062f400000, 0x000000062f400000| Complete 
| 185|0x000000062f800000, 0x000000062fc00000, 0x000000062fc00000|100%| E|CS|TAMS 0x000000062f800000, 0x000000062f800000| Complete 
| 186|0x000000062fc00000, 0x0000000630000000, 0x0000000630000000|100%| E|CS|TAMS 0x000000062fc00000, 0x000000062fc00000| Complete 
| 187|0x0000000630000000, 0x0000000630400000, 0x0000000630400000|100%| E|CS|TAMS 0x0000000630000000, 0x0000000630000000| Complete 
| 188|0x0000000630400000, 0x0000000630800000, 0x0000000630800000|100%| E|CS|TAMS 0x0000000630400000, 0x0000000630400000| Complete 
| 189|0x0000000630800000, 0x0000000630c00000, 0x0000000630c00000|100%| E|CS|TAMS 0x0000000630800000, 0x0000000630800000| Complete 
| 190|0x0000000630c00000, 0x0000000631000000, 0x0000000631000000|100%| E|CS|TAMS 0x0000000630c00000, 0x0000000630c00000| Complete 
| 191|0x0000000631000000, 0x0000000631400000, 0x0000000631400000|100%| E|CS|TAMS 0x0000000631000000, 0x0000000631000000| Complete 
| 192|0x0000000631400000, 0x0000000631800000, 0x0000000631800000|100%| E|CS|TAMS 0x0000000631400000, 0x0000000631400000| Complete 
| 193|0x0000000631800000, 0x0000000631c00000, 0x0000000631c00000|100%| E|CS|TAMS 0x0000000631800000, 0x0000000631800000| Complete 
| 194|0x0000000631c00000, 0x0000000632000000, 0x0000000632000000|100%| E|CS|TAMS 0x0000000631c00000, 0x0000000631c00000| Complete 
| 195|0x0000000632000000, 0x0000000632400000, 0x0000000632400000|100%| E|CS|TAMS 0x0000000632000000, 0x0000000632000000| Complete 
| 196|0x0000000632400000, 0x0000000632800000, 0x0000000632800000|100%| E|CS|TAMS 0x0000000632400000, 0x0000000632400000| Complete 
| 197|0x0000000632800000, 0x0000000632c00000, 0x0000000632c00000|100%| E|CS|TAMS 0x0000000632800000, 0x0000000632800000| Complete 
| 198|0x0000000632c00000, 0x0000000633000000, 0x0000000633000000|100%| E|CS|TAMS 0x0000000632c00000, 0x0000000632c00000| Complete 
| 199|0x0000000633000000, 0x0000000633400000, 0x0000000633400000|100%| E|CS|TAMS 0x0000000633000000, 0x0000000633000000| Complete 
| 200|0x0000000633400000, 0x0000000633800000, 0x0000000633800000|100%| E|CS|TAMS 0x0000000633400000, 0x0000000633400000| Complete 
| 201|0x0000000633800000, 0x0000000633c00000, 0x0000000633c00000|100%| E|CS|TAMS 0x0000000633800000, 0x0000000633800000| Complete 
| 202|0x0000000633c00000, 0x0000000634000000, 0x0000000634000000|100%| E|CS|TAMS 0x0000000633c00000, 0x0000000633c00000| Complete 
| 203|0x0000000634000000, 0x0000000634400000, 0x0000000634400000|100%| E|CS|TAMS 0x0000000634000000, 0x0000000634000000| Complete 
| 204|0x0000000634400000, 0x0000000634800000, 0x0000000634800000|100%| E|CS|TAMS 0x0000000634400000, 0x0000000634400000| Complete 
| 205|0x0000000634800000, 0x0000000634c00000, 0x0000000634c00000|100%| E|CS|TAMS 0x0000000634800000, 0x0000000634800000| Complete 
| 206|0x0000000634c00000, 0x0000000635000000, 0x0000000635000000|100%| E|CS|TAMS 0x0000000634c00000, 0x0000000634c00000| Complete 
| 207|0x0000000635000000, 0x0000000635400000, 0x0000000635400000|100%| E|CS|TAMS 0x0000000635000000, 0x0000000635000000| Complete 
| 208|0x0000000635400000, 0x0000000635800000, 0x0000000635800000|100%| E|CS|TAMS 0x0000000635400000, 0x0000000635400000| Complete 
| 209|0x0000000635800000, 0x0000000635c00000, 0x0000000635c00000|100%| E|CS|TAMS 0x0000000635800000, 0x0000000635800000| Complete 
| 210|0x0000000635c00000, 0x0000000636000000, 0x0000000636000000|100%| E|CS|TAMS 0x0000000635c00000, 0x0000000635c00000| Complete 
| 211|0x0000000636000000, 0x0000000636400000, 0x0000000636400000|100%| E|CS|TAMS 0x0000000636000000, 0x0000000636000000| Complete 
| 212|0x0000000636400000, 0x0000000636800000, 0x0000000636800000|100%| E|CS|TAMS 0x0000000636400000, 0x0000000636400000| Complete 
| 213|0x0000000636800000, 0x0000000636c00000, 0x0000000636c00000|100%| E|CS|TAMS 0x0000000636800000, 0x0000000636800000| Complete 
| 214|0x0000000636c00000, 0x0000000637000000, 0x0000000637000000|100%| E|CS|TAMS 0x0000000636c00000, 0x0000000636c00000| Complete 
| 215|0x0000000637000000, 0x0000000637400000, 0x0000000637400000|100%| E|CS|TAMS 0x0000000637000000, 0x0000000637000000| Complete 
| 216|0x0000000637400000, 0x0000000637800000, 0x0000000637800000|100%| E|CS|TAMS 0x0000000637400000, 0x0000000637400000| Complete 
| 217|0x0000000637800000, 0x0000000637c00000, 0x0000000637c00000|100%| E|CS|TAMS 0x0000000637800000, 0x0000000637800000| Complete 
| 218|0x0000000637c00000, 0x0000000638000000, 0x0000000638000000|100%| E|CS|TAMS 0x0000000637c00000, 0x0000000637c00000| Complete 
| 219|0x0000000638000000, 0x0000000638400000, 0x0000000638400000|100%| E|CS|TAMS 0x0000000638000000, 0x0000000638000000| Complete 
| 220|0x0000000638400000, 0x0000000638800000, 0x0000000638800000|100%| E|CS|TAMS 0x0000000638400000, 0x0000000638400000| Complete 
| 221|0x0000000638800000, 0x0000000638c00000, 0x0000000638c00000|100%| E|CS|TAMS 0x0000000638800000, 0x0000000638800000| Complete 
| 222|0x0000000638c00000, 0x0000000639000000, 0x0000000639000000|100%| E|CS|TAMS 0x0000000638c00000, 0x0000000638c00000| Complete 
| 223|0x0000000639000000, 0x0000000639400000, 0x0000000639400000|100%| E|CS|TAMS 0x0000000639000000, 0x0000000639000000| Complete 
| 224|0x0000000639400000, 0x0000000639800000, 0x0000000639800000|100%| E|CS|TAMS 0x0000000639400000, 0x0000000639400000| Complete 
| 225|0x0000000639800000, 0x0000000639c00000, 0x0000000639c00000|100%| E|CS|TAMS 0x0000000639800000, 0x0000000639800000| Complete 
| 226|0x0000000639c00000, 0x000000063a000000, 0x000000063a000000|100%| E|CS|TAMS 0x0000000639c00000, 0x0000000639c00000| Complete 
| 227|0x000000063a000000, 0x000000063a400000, 0x000000063a400000|100%| E|CS|TAMS 0x000000063a000000, 0x000000063a000000| Complete 
| 228|0x000000063a400000, 0x000000063a800000, 0x000000063a800000|100%| E|CS|TAMS 0x000000063a400000, 0x000000063a400000| Complete 
| 229|0x000000063a800000, 0x000000063ac00000, 0x000000063ac00000|100%| E|CS|TAMS 0x000000063a800000, 0x000000063a800000| Complete 
| 230|0x000000063ac00000, 0x000000063b000000, 0x000000063b000000|100%| E|CS|TAMS 0x000000063ac00000, 0x000000063ac00000| Complete 
| 231|0x000000063b000000, 0x000000063b400000, 0x000000063b400000|100%| E|CS|TAMS 0x000000063b000000, 0x000000063b000000| Complete 
| 232|0x000000063b400000, 0x000000063b800000, 0x000000063b800000|100%| E|CS|TAMS 0x000000063b400000, 0x000000063b400000| Complete 
| 233|0x000000063b800000, 0x000000063bc00000, 0x000000063bc00000|100%| E|CS|TAMS 0x000000063b800000, 0x000000063b800000| Complete 
| 234|0x000000063bc00000, 0x000000063c000000, 0x000000063c000000|100%| E|CS|TAMS 0x000000063bc00000, 0x000000063bc00000| Complete 
| 235|0x000000063c000000, 0x000000063c400000, 0x000000063c400000|100%| E|CS|TAMS 0x000000063c000000, 0x000000063c000000| Complete 
| 236|0x000000063c400000, 0x000000063c800000, 0x000000063c800000|100%| E|CS|TAMS 0x000000063c400000, 0x000000063c400000| Complete 
| 237|0x000000063c800000, 0x000000063cc00000, 0x000000063cc00000|100%| E|CS|TAMS 0x000000063c800000, 0x000000063c800000| Complete 
| 238|0x000000063cc00000, 0x000000063d000000, 0x000000063d000000|100%| E|CS|TAMS 0x000000063cc00000, 0x000000063cc00000| Complete 
| 239|0x000000063d000000, 0x000000063d400000, 0x000000063d400000|100%| E|CS|TAMS 0x000000063d000000, 0x000000063d000000| Complete 
| 240|0x000000063d400000, 0x000000063d800000, 0x000000063d800000|100%| E|CS|TAMS 0x000000063d400000, 0x000000063d400000| Complete 
| 241|0x000000063d800000, 0x000000063dc00000, 0x000000063dc00000|100%| E|CS|TAMS 0x000000063d800000, 0x000000063d800000| Complete 
| 242|0x000000063dc00000, 0x000000063e000000, 0x000000063e000000|100%| E|CS|TAMS 0x000000063dc00000, 0x000000063dc00000| Complete 
| 243|0x000000063e000000, 0x000000063e400000, 0x000000063e400000|100%| E|CS|TAMS 0x000000063e000000, 0x000000063e000000| Complete 
| 244|0x000000063e400000, 0x000000063e46c590, 0x000000063e800000| 10%| S|CS|TAMS 0x000000063e400000, 0x000000063e400000| Complete 
| 245|0x000000063e800000, 0x000000063ec00000, 0x000000063ec00000|100%| E|CS|TAMS 0x000000063e800000, 0x000000063e800000| Complete 
| 246|0x000000063ec00000, 0x000000063f000000, 0x000000063f000000|100%| E|CS|TAMS 0x000000063ec00000, 0x000000063ec00000| Complete 
| 247|0x000000063f000000, 0x000000063f400000, 0x000000063f400000|100%| E|CS|TAMS 0x000000063f000000, 0x000000063f000000| Complete 
| 248|0x000000063f400000, 0x000000063f800000, 0x000000063f800000|100%| E|CS|TAMS 0x000000063f400000, 0x000000063f400000| Complete 
| 249|0x000000063f800000, 0x000000063fc00000, 0x000000063fc00000|100%| E|CS|TAMS 0x000000063f800000, 0x000000063f800000| Complete 
| 250|0x000000063fc00000, 0x0000000640000000, 0x0000000640000000|100%| E|CS|TAMS 0x000000063fc00000, 0x000000063fc00000| Complete 
| 251|0x0000000640000000, 0x0000000640400000, 0x0000000640400000|100%| E|CS|TAMS 0x0000000640000000, 0x0000000640000000| Complete 
| 252|0x0000000640400000, 0x0000000640800000, 0x0000000640800000|100%| E|CS|TAMS 0x0000000640400000, 0x0000000640400000| Complete 
| 253|0x0000000640800000, 0x0000000640c00000, 0x0000000640c00000|100%| E|CS|TAMS 0x0000000640800000, 0x0000000640800000| Complete 
| 254|0x0000000640c00000, 0x0000000641000000, 0x0000000641000000|100%| E|CS|TAMS 0x0000000640c00000, 0x0000000640c00000| Complete 
| 255|0x0000000641000000, 0x0000000641400000, 0x0000000641400000|100%| E|CS|TAMS 0x0000000641000000, 0x0000000641000000| Complete 

Card table byte_map: [0x0000024f56d80000,0x0000024f57d80000] _byte_map_base: 0x0000024f53d76000

Marking Bits (Prev, Next): (CMBitMap*) 0x0000024f3ed743d0, (CMBitMap*) 0x0000024f3ed74410
 Prev Bits: [0x0000024f58d80000, 0x0000024f60d30000)
 Next Bits: [0x0000024f60d30000, 0x0000024f68ce0000)

Polling page: 0x0000024f3e4b0000

Metaspace:

Usage:
  Non-class:     29.72 MB used.
      Class:      3.56 MB used.
       Both:     33.28 MB used.

Virtual space:
  Non-class space:       64.00 MB reserved,      29.94 MB ( 47%) committed,  1 nodes.
      Class space:        1.00 GB reserved,       3.75 MB ( <1%) committed,  1 nodes.
             Both:        1.06 GB reserved,      33.69 MB (  3%) committed. 

Chunk freelists:
   Non-Class:  2.10 MB
       Class:  12.09 MB
        Both:  14.19 MB

MaxMetaspaceSize: unlimited
CompressedClassSpaceSize: 1.00 GB
Initial GC threshold: 21.00 MB
Current GC threshold: 49.31 MB
CDS: on
MetaspaceReclaimPolicy: balanced
 - commit_granule_bytes: 65536.
 - commit_granule_words: 8192.
 - virtual_space_node_default_size: 8388608.
 - enlarge_chunks_in_place: 1.
 - new_chunks_are_fully_committed: 0.
 - uncommit_free_chunks: 1.
 - use_allocation_guard: 0.
 - handle_deallocations: 1.


Internal statistics:

num_allocs_failed_limit: 8.
num_arena_births: 472.
num_arena_deaths: 0.
num_vsnodes_births: 2.
num_vsnodes_deaths: 0.
num_space_committed: 539.
num_space_uncommitted: 0.
num_chunks_returned_to_freelist: 8.
num_chunks_taken_from_freelist: 1517.
num_chunk_merges: 0.
num_chunk_splits: 1054.
num_chunks_enlarged: 788.
num_inconsistent_stats: 0.

CodeHeap 'non-profiled nmethods': size=120000Kb used=3266Kb max_used=3969Kb free=116733Kb
 bounds [0x0000024f4e300000, 0x0000024f4e6f0000, 0x0000024f55830000]
CodeHeap 'profiled nmethods': size=120000Kb used=8153Kb max_used=9283Kb free=111846Kb
 bounds [0x0000024f46830000, 0x0000024f47150000, 0x0000024f4dd60000]
CodeHeap 'non-nmethods': size=5760Kb used=1340Kb max_used=1403Kb free=4420Kb
 bounds [0x0000024f4dd60000, 0x0000024f4dfd0000, 0x0000024f4e300000]
 total_blobs=5169 nmethods=4498 adapters=583
 compilation: enabled
              stopped_count=0, restarted_count=0
 full_count=0

Compilation events (20 events):
Event: 436.425 Thread 0x0000024f6ba30210 5650       4       io.netty.util.concurrent.DefaultPromise::isDone (8 bytes)
Event: 436.425 Thread 0x0000024f6ba30210 nmethod 5650 0x0000024f4e346310 code [0x0000024f4e346480, 0x0000024f4e346518]
Event: 436.566 Thread 0x0000024f6ba351d0 5651       3       com.bestbudz.rs2.entity.item.ItemContainer::add (412 bytes)
Event: 436.567 Thread 0x0000024f6ba351d0 nmethod 5651 0x0000024f46c2b210 code [0x0000024f46c2b660, 0x0000024f46c2dd78]
Event: 436.567 Thread 0x0000024f6ba351d0 5652       3       com.bestbudz.rs2.entity.stoner.net.out.impl.SendUpdateItems::<init> (20 bytes)
Event: 436.567 Thread 0x0000024f6ba351d0 nmethod 5652 0x0000024f4692be10 code [0x0000024f4692bfc0, 0x0000024f4692c258]
Event: 437.027 Thread 0x0000024f6ba30210 5653       4       java.util.concurrent.atomic.AtomicReferenceFieldUpdater$AtomicReferenceFieldUpdaterImpl::compareAndSet (24 bytes)
Event: 437.028 Thread 0x0000024f6ba30210 nmethod 5653 0x0000024f4e5ec310 code [0x0000024f4e5ec4a0, 0x0000024f4e5ec798]
Event: 437.631 Thread 0x0000024f6ba30210 5654   !   4       io.netty.channel.AbstractChannelHandlerContext::write (230 bytes)
Event: 438.382 Thread 0x0000024f6ba351d0 5656       3       java.lang.Long::toString (139 bytes)
Event: 438.648 Thread 0x0000024f6ba351d0 nmethod 5656 0x0000024f4692b190 code [0x0000024f4692b380, 0x0000024f4692b958]
Event: 438.648 Thread 0x0000024f6ba351d0 5657       3       com.google.gson.internal.bind.MapTypeAdapterFactory$Adapter::write (394 bytes)
Event: 438.650 Thread 0x0000024f6ba351d0 nmethod 5657 0x0000024f46a47290 code [0x0000024f46a47a00, 0x0000024f46a4c1a8]
Event: 441.465 Thread 0x0000024f6ba351d0 5658       3       java.lang.invoke.StringConcatFactory::parseRecipe (198 bytes)
Event: 441.679 Thread 0x0000024f6ba351d0 nmethod 5658 0x0000024f46a7f490 code [0x0000024f46a7f920, 0x0000024f46a81c98]
Event: 441.684 Thread 0x0000024f6ba351d0 5660       3       java.lang.AbstractStringBuilder::setLength (66 bytes)
Event: 441.685 Thread 0x0000024f6ba351d0 nmethod 5660 0x0000024f46997010 code [0x0000024f46997240, 0x0000024f46997998]
Event: 441.685 Thread 0x0000024f6ba351d0 5662       3       sun.nio.cs.StreamEncoder::implWrite (137 bytes)
Event: 441.686 Thread 0x0000024f6ba351d0 nmethod 5662 0x0000024f46852590 code [0x0000024f468527c0, 0x0000024f46852fe8]
Event: 442.809 Thread 0x0000024f6ba351d0 5663   !   3       javax.crypto.Cipher::chooseFirstProvider (302 bytes)

GC Heap History (20 events):
Event: 426.534 GC heap before
{Heap before GC invocations=199 (full 0):
 garbage-first heap   total 1048576K, used 891197K [0x0000000601400000, 0x0000000800000000)
  region size 4096K, 153 young (626688K), 1 survivors (4096K)
 Metaspace       used 33902K, committed 34304K, reserved 1114112K
  class space    used 3627K, committed 3840K, reserved 1048576K
}
Event: 426.535 GC heap after
{Heap after GC invocations=200 (full 0):
 garbage-first heap   total 1048576K, used 268459K [0x0000000601400000, 0x0000000800000000)
  region size 4096K, 1 young (4096K), 1 survivors (4096K)
 Metaspace       used 33902K, committed 34304K, reserved 1114112K
  class space    used 3627K, committed 3840K, reserved 1048576K
}
Event: 428.648 GC heap before
{Heap before GC invocations=200 (full 0):
 garbage-first heap   total 1048576K, used 891051K [0x0000000601400000, 0x0000000800000000)
  region size 4096K, 153 young (626688K), 1 survivors (4096K)
 Metaspace       used 33905K, committed 34304K, reserved 1114112K
  class space    used 3627K, committed 3840K, reserved 1048576K
}
Event: 428.649 GC heap after
{Heap after GC invocations=201 (full 0):
 garbage-first heap   total 1048576K, used 268416K [0x0000000601400000, 0x0000000800000000)
  region size 4096K, 1 young (4096K), 1 survivors (4096K)
 Metaspace       used 33905K, committed 34304K, reserved 1114112K
  class space    used 3627K, committed 3840K, reserved 1048576K
}
Event: 430.482 GC heap before
{Heap before GC invocations=201 (full 0):
 garbage-first heap   total 1048576K, used 891008K [0x0000000601400000, 0x0000000800000000)
  region size 4096K, 153 young (626688K), 1 survivors (4096K)
 Metaspace       used 33905K, committed 34304K, reserved 1114112K
  class space    used 3627K, committed 3840K, reserved 1048576K
}
Event: 430.483 GC heap after
{Heap after GC invocations=202 (full 0):
 garbage-first heap   total 1048576K, used 268671K [0x0000000601400000, 0x0000000800000000)
  region size 4096K, 1 young (4096K), 1 survivors (4096K)
 Metaspace       used 33905K, committed 34304K, reserved 1114112K
  class space    used 3627K, committed 3840K, reserved 1048576K
}
Event: 432.623 GC heap before
{Heap before GC invocations=202 (full 0):
 garbage-first heap   total 1048576K, used 891263K [0x0000000601400000, 0x0000000800000000)
  region size 4096K, 153 young (626688K), 1 survivors (4096K)
 Metaspace       used 33905K, committed 34304K, reserved 1114112K
  class space    used 3627K, committed 3840K, reserved 1048576K
}
Event: 432.624 GC heap after
{Heap after GC invocations=203 (full 0):
 garbage-first heap   total 1048576K, used 268539K [0x0000000601400000, 0x0000000800000000)
  region size 4096K, 1 young (4096K), 1 survivors (4096K)
 Metaspace       used 33905K, committed 34304K, reserved 1114112K
  class space    used 3627K, committed 3840K, reserved 1048576K
}
Event: 434.752 GC heap before
{Heap before GC invocations=203 (full 0):
 garbage-first heap   total 1048576K, used 891131K [0x0000000601400000, 0x0000000800000000)
  region size 4096K, 153 young (626688K), 1 survivors (4096K)
 Metaspace       used 33905K, committed 34304K, reserved 1114112K
  class space    used 3627K, committed 3840K, reserved 1048576K
}
Event: 434.753 GC heap after
{Heap after GC invocations=204 (full 0):
 garbage-first heap   total 1048576K, used 268738K [0x0000000601400000, 0x0000000800000000)
  region size 4096K, 1 young (4096K), 1 survivors (4096K)
 Metaspace       used 33905K, committed 34304K, reserved 1114112K
  class space    used 3627K, committed 3840K, reserved 1048576K
}
Event: 436.876 GC heap before
{Heap before GC invocations=204 (full 0):
 garbage-first heap   total 1048576K, used 891330K [0x0000000601400000, 0x0000000800000000)
  region size 4096K, 153 young (626688K), 1 survivors (4096K)
 Metaspace       used 33908K, committed 34304K, reserved 1114112K
  class space    used 3627K, committed 3840K, reserved 1048576K
}
Event: 436.876 GC heap after
{Heap after GC invocations=205 (full 0):
 garbage-first heap   total 1048576K, used 268590K [0x0000000601400000, 0x0000000800000000)
  region size 4096K, 1 young (4096K), 1 survivors (4096K)
 Metaspace       used 33908K, committed 34304K, reserved 1114112K
  class space    used 3627K, committed 3840K, reserved 1048576K
}
Event: 438.999 GC heap before
{Heap before GC invocations=205 (full 0):
 garbage-first heap   total 1048576K, used 891182K [0x0000000601400000, 0x0000000800000000)
  region size 4096K, 153 young (626688K), 1 survivors (4096K)
 Metaspace       used 33918K, committed 34304K, reserved 1114112K
  class space    used 3627K, committed 3840K, reserved 1048576K
}
Event: 439.667 GC heap after
{Heap after GC invocations=206 (full 0):
 garbage-first heap   total 1048576K, used 268419K [0x0000000601400000, 0x0000000800000000)
  region size 4096K, 1 young (4096K), 1 survivors (4096K)
 Metaspace       used 33918K, committed 34304K, reserved 1114112K
  class space    used 3627K, committed 3840K, reserved 1048576K
}
Event: 439.673 GC heap before
{Heap before GC invocations=206 (full 0):
 garbage-first heap   total 1048576K, used 313475K [0x0000000601400000, 0x0000000800000000)
  region size 4096K, 12 young (49152K), 1 survivors (4096K)
 Metaspace       used 33918K, committed 34304K, reserved 1114112K
  class space    used 3627K, committed 3840K, reserved 1048576K
}
Event: 439.674 GC heap after
{Heap after GC invocations=207 (full 0):
 garbage-first heap   total 1048576K, used 268786K [0x0000000601400000, 0x0000000800000000)
  region size 4096K, 1 young (4096K), 1 survivors (4096K)
 Metaspace       used 33918K, committed 34304K, reserved 1114112K
  class space    used 3627K, committed 3840K, reserved 1048576K
}
Event: 439.682 GC heap before
{Heap before GC invocations=207 (full 0):
 garbage-first heap   total 1048576K, used 313842K [0x0000000601400000, 0x0000000800000000)
  region size 4096K, 12 young (49152K), 1 survivors (4096K)
 Metaspace       used 33918K, committed 34304K, reserved 1114112K
  class space    used 3627K, committed 3840K, reserved 1048576K
}
Event: 439.683 GC heap after
{Heap after GC invocations=208 (full 0):
 garbage-first heap   total 1048576K, used 268699K [0x0000000601400000, 0x0000000800000000)
  region size 4096K, 1 young (4096K), 1 survivors (4096K)
 Metaspace       used 33918K, committed 34304K, reserved 1114112K
  class space    used 3627K, committed 3840K, reserved 1048576K
}
Event: 439.690 GC heap before
{Heap before GC invocations=208 (full 0):
 garbage-first heap   total 1048576K, used 313755K [0x0000000601400000, 0x0000000800000000)
  region size 4096K, 12 young (49152K), 1 survivors (4096K)
 Metaspace       used 33918K, committed 34304K, reserved 1114112K
  class space    used 3627K, committed 3840K, reserved 1048576K
}
Event: 439.691 GC heap after
{Heap after GC invocations=209 (full 0):
 garbage-first heap   total 1048576K, used 268669K [0x0000000601400000, 0x0000000800000000)
  region size 4096K, 1 young (4096K), 1 survivors (4096K)
 Metaspace       used 33918K, committed 34304K, reserved 1114112K
  class space    used 3627K, committed 3840K, reserved 1048576K
}

Dll operation events (10 events):
Event: 0.010 Loaded shared library C:\Users\JayBa\.jdks\corretto-17.0.13\bin\java.dll
Event: 0.026 Loaded shared library C:\Users\JayBa\.jdks\corretto-17.0.13\bin\jsvml.dll
Event: 0.098 Loaded shared library C:\Users\JayBa\.jdks\corretto-17.0.13\bin\jimage.dll
Event: 0.125 Loaded shared library C:\Users\JayBa\.jdks\corretto-17.0.13\bin\net.dll
Event: 0.128 Loaded shared library C:\Users\JayBa\.jdks\corretto-17.0.13\bin\nio.dll
Event: 0.131 Loaded shared library C:\Users\JayBa\.jdks\corretto-17.0.13\bin\zip.dll
Event: 0.683 Loaded shared library D:\Root\TEMP\sqlite-3.50.1.0-f76b302a-6f39-4aa1-ade5-f72ba529c4ad-sqlitejdbc.dll
Event: 27.531 Loaded shared library C:\Users\JayBa\.jdks\corretto-17.0.13\bin\sunmscapi.dll
Event: 27.547 Loaded shared library C:\Users\JayBa\.jdks\corretto-17.0.13\bin\extnet.dll
Event: 28.269 Loaded shared library C:\Users\JayBa\.jdks\corretto-17.0.13\bin\verify.dll

Deoptimization events (20 events):
Event: 441.685 Thread 0x0000024f6ba8e9c0 Uncommon trap: trap_request=0xffffff45 fr.pc=0x0000024f4e523c5c relative=0x000000000000005c
Event: 441.685 Thread 0x0000024f6ba8e9c0 Uncommon trap: reason=unstable_if action=reinterpret pc=0x0000024f4e523c5c method=com.google.gson.stream.JsonWriter.newline()V @ 4 c2
Event: 441.685 Thread 0x0000024f6ba8e9c0 DEOPT PACKING pc=0x0000024f4e523c5c sp=0x0000008ce90fe720
Event: 441.685 Thread 0x0000024f6ba8e9c0 DEOPT UNPACKING pc=0x0000024f4ddb69a3 sp=0x0000008ce90fe6a8 mode 2
Event: 441.685 Thread 0x0000024f6ba8e9c0 Uncommon trap: trap_request=0xffffffde fr.pc=0x0000024f4e64e654 relative=0x00000000000010b4
Event: 441.685 Thread 0x0000024f6ba8e9c0 Uncommon trap: reason=class_check action=maybe_recompile pc=0x0000024f4e64e654 method=com.google.gson.stream.JsonWriter.string(Ljava/lang/String;)V @ 23 c2
Event: 441.685 Thread 0x0000024f6ba8e9c0 DEOPT PACKING pc=0x0000024f4e64e654 sp=0x0000008ce90fe730
Event: 441.685 Thread 0x0000024f6ba8e9c0 DEOPT UNPACKING pc=0x0000024f4ddb69a3 sp=0x0000008ce90fe6e8 mode 2
Event: 441.685 Thread 0x0000024f6ba8e9c0 Uncommon trap: trap_request=0xffffffde fr.pc=0x0000024f4e446b98 relative=0x00000000000001d8
Event: 441.685 Thread 0x0000024f6ba8e9c0 Uncommon trap: reason=class_check action=maybe_recompile pc=0x0000024f4e446b98 method=com.google.gson.stream.JsonWriter.beforeValue()V @ 116 c2
Event: 441.685 Thread 0x0000024f6ba8e9c0 DEOPT PACKING pc=0x0000024f4e446b98 sp=0x0000008ce90fe780
Event: 441.685 Thread 0x0000024f6ba8e9c0 DEOPT UNPACKING pc=0x0000024f4ddb69a3 sp=0x0000008ce90fe720 mode 2
Event: 441.685 Thread 0x0000024f6ba8e9c0 Uncommon trap: trap_request=0xffffffde fr.pc=0x0000024f4e64e654 relative=0x00000000000010b4
Event: 441.685 Thread 0x0000024f6ba8e9c0 Uncommon trap: reason=class_check action=maybe_recompile pc=0x0000024f4e64e654 method=com.google.gson.stream.JsonWriter.string(Ljava/lang/String;)V @ 23 c2
Event: 441.685 Thread 0x0000024f6ba8e9c0 DEOPT PACKING pc=0x0000024f4e64e654 sp=0x0000008ce90fe730
Event: 441.685 Thread 0x0000024f6ba8e9c0 DEOPT UNPACKING pc=0x0000024f4ddb69a3 sp=0x0000008ce90fe6e8 mode 2
Event: 441.685 Thread 0x0000024f6ba8e9c0 Uncommon trap: trap_request=0xffffffde fr.pc=0x0000024f4e446b98 relative=0x00000000000001d8
Event: 441.685 Thread 0x0000024f6ba8e9c0 Uncommon trap: reason=class_check action=maybe_recompile pc=0x0000024f4e446b98 method=com.google.gson.stream.JsonWriter.beforeValue()V @ 116 c2
Event: 441.685 Thread 0x0000024f6ba8e9c0 DEOPT PACKING pc=0x0000024f4e446b98 sp=0x0000008ce90fe780
Event: 441.685 Thread 0x0000024f6ba8e9c0 DEOPT UNPACKING pc=0x0000024f4ddb69a3 sp=0x0000008ce90fe720 mode 2

Classes loaded (20 events):
Event: 311.703 Loading class java/util/stream/Node$OfLong done
Event: 311.703 Loading class java/util/stream/Nodes$EmptyNode$OfLong done
Event: 311.703 Loading class java/util/stream/Nodes$EmptyNode$OfDouble
Event: 311.703 Loading class java/util/stream/Node$OfDouble
Event: 311.703 Loading class java/util/stream/Node$OfDouble done
Event: 311.703 Loading class java/util/stream/Nodes$EmptyNode$OfDouble done
Event: 311.703 Loading class java/util/stream/Nodes$IntFixedNodeBuilder
Event: 311.703 Loading class java/util/stream/Node$Builder$OfInt
Event: 311.704 Loading class java/util/stream/Node$Builder
Event: 311.704 Loading class java/util/stream/Node$Builder done
Event: 311.704 Loading class java/util/stream/Node$Builder$OfInt done
Event: 311.704 Loading class java/util/stream/Nodes$IntArrayNode
Event: 311.704 Loading class java/util/stream/Nodes$IntArrayNode done
Event: 311.704 Loading class java/util/stream/Nodes$IntFixedNodeBuilder done
Event: 311.704 Loading class java/util/stream/LongPipeline$4$1
Event: 311.704 Loading class java/util/stream/Sink$ChainedLong
Event: 311.704 Loading class java/util/stream/Sink$OfLong
Event: 311.705 Loading class java/util/stream/Sink$OfLong done
Event: 311.705 Loading class java/util/stream/Sink$ChainedLong done
Event: 311.705 Loading class java/util/stream/LongPipeline$4$1 done

Classes unloaded (0 events):
No events

Classes redefined (0 events):
No events

Internal exceptions (20 events):
Event: 30.604 Thread 0x0000024fb23abe00 Exception <a 'java/lang/NoSuchMethodError'{0x0000000628dee780}: 'java.lang.Object java.lang.invoke.DirectMethodHandle$Holder.invokeVirtual(java.lang.Object, java.lang.Object, int)'> (0x0000000628dee780) 
thrown [s\src\hotspot\share\interpreter\linkResolver.cpp, line 759]
Event: 30.956 Thread 0x0000024fb23ab8f0 Exception <a 'java/lang/NoSuchMethodError'{0x000000063201bc60}: 'java.lang.Object java.lang.invoke.DirectMethodHandle$Holder.newInvokeSpecial(java.lang.Object, java.lang.Object, long, java.lang.Object)'> (0x000000063201bc60) 
thrown [s\src\hotspot\share\interpreter\linkResolver.cpp, line 759]
Event: 32.871 Thread 0x0000024fb23ac820 Exception <a 'java/lang/NoSuchMethodError'{0x00000006288c7560}: 'void java.lang.invoke.DirectMethodHandle$Holder.invokeStatic(java.lang.Object, java.lang.Object, java.lang.Object, java.lang.Object)'> (0x00000006288c7560) 
thrown [s\src\hotspot\share\interpreter\linkResolver.cpp, line 759]
Event: 33.114 Thread 0x0000024fb23abe00 Exception <a 'java/lang/NoSuchMethodError'{0x000000062401a340}: 'java.lang.Object java.lang.invoke.DirectMethodHandle$Holder.invokeStatic(java.lang.Object, long, java.lang.Object)'> (0x000000062401a340) 
thrown [s\src\hotspot\share\interpreter\linkResolver.cpp, line 759]
Event: 33.114 Thread 0x0000024fb23abe00 Exception <a 'java/lang/NoSuchMethodError'{0x0000000624020c08}: 'java.lang.Object java.lang.invoke.DirectMethodHandle$Holder.newInvokeSpecial(java.lang.Object, long)'> (0x0000000624020c08) 
thrown [s\src\hotspot\share\interpreter\linkResolver.cpp, line 759]
Event: 33.117 Thread 0x0000024fb23abe00 Exception <a 'java/lang/NoSuchMethodError'{0x00000006240516a0}: 'java.lang.Object java.lang.invoke.DirectMethodHandle$Holder.newInvokeSpecial(java.lang.Object, java.lang.Object, java.lang.Object, long, long)'> (0x00000006240516a0) 
thrown [s\src\hotspot\share\interpreter\linkResolver.cpp, line 759]
Event: 33.126 Thread 0x0000024fb23abe00 Exception <a 'java/lang/NoSuchMethodError'{0x00000006240b85e8}: 'long java.lang.invoke.DirectMethodHandle$Holder.invokeVirtual(java.lang.Object, java.lang.Object, int)'> (0x00000006240b85e8) 
thrown [s\src\hotspot\share\interpreter\linkResolver.cpp, line 759]
Event: 43.398 Thread 0x0000024fb1ae73e0 Exception <a 'java/io/IOException'{0x000000062a8bfd60}> (0x000000062a8bfd60) 
thrown [s\src\hotspot\share\prims\jni.cpp, line 516]
Event: 46.561 Thread 0x0000024f6ba8e9c0 Implicit null exception at 0x0000024f4e35bc5b to 0x0000024f4e35befc
Event: 166.454 Thread 0x0000024f6ba8e9c0 Implicit null exception at 0x0000024f4e442a9c to 0x0000024f4e4430b8
Event: 166.752 Thread 0x0000024f6ba8e9c0 Implicit null exception at 0x0000024f4e55b124 to 0x0000024f4e55c84c
Event: 260.695 Thread 0x0000024fb1b20220 Exception <a 'java/lang/NoSuchMethodError'{0x000000062d22c100}: 'int java.lang.invoke.DirectMethodHandle$Holder.invokeStaticInit(java.lang.Object, java.lang.Object, java.lang.Object)'> (0x000000062d22c100) 
thrown [s\src\hotspot\share\interpreter\linkResolver.cpp, line 759]
Event: 260.790 Thread 0x0000024fb1b20220 Exception <a 'java/lang/NoSuchMethodError'{0x000000062af27ca0}: 'void java.lang.invoke.DirectMethodHandle$Holder.invokeInterface(java.lang.Object, java.lang.Object, java.lang.Object)'> (0x000000062af27ca0) 
thrown [s\src\hotspot\share\interpreter\linkResolver.cpp, line 759]
Event: 260.815 Thread 0x0000024fb1b20220 Exception <a 'sun/nio/fs/WindowsException'{0x000000062af74208}> (0x000000062af74208) 
thrown [s\src\hotspot\share\prims\jni.cpp, line 516]
Event: 267.887 Thread 0x0000024fb243c840 Exception <a 'java/lang/NoSuchMethodError'{0x0000000641256dc8}: 'java.lang.Object java.lang.invoke.DirectMethodHandle$Holder.invokeSpecial(java.lang.Object, java.lang.Object, int, int, int, int)'> (0x0000000641256dc8) 
thrown [s\src\hotspot\share\interpreter\linkResolver.cpp, line 759]
Event: 271.374 Thread 0x0000024fb23a8b60 Exception <a 'java/io/IOException'{0x000000062df22b10}> (0x000000062df22b10) 
thrown [s\src\hotspot\share\prims\jni.cpp, line 516]
Event: 284.005 Thread 0x0000024fb23a8b60 Exception <a 'java/io/IOException'{0x0000000631ca66e8}> (0x0000000631ca66e8) 
thrown [s\src\hotspot\share\prims\jni.cpp, line 516]
Event: 311.683 Thread 0x0000024f6ba8e9c0 Exception <a 'java/lang/NoSuchMethodError'{0x0000000630ccd578}: 'void java.lang.invoke.DirectMethodHandle$Holder.invokeStaticInit(java.lang.Object)'> (0x0000000630ccd578) 
thrown [s\src\hotspot\share\interpreter\linkResolver.cpp, line 759]
Event: 311.697 Thread 0x0000024fb23adc60 Exception <a 'java/lang/NoSuchMethodError'{0x0000000630e53a88}: 'java.lang.Object java.lang.invoke.DirectMethodHandle$Holder.newInvokeSpecial(java.lang.Object, java.lang.Object, int, java.lang.Object, int)'> (0x0000000630e53a88) 
thrown [s\src\hotspot\share\interpreter\linkResolver.cpp, line 759]
Event: 314.634 Thread 0x0000024fb23a8b60 Exception <a 'java/io/IOException'{0x0000000623072b18}> (0x0000000623072b18) 
thrown [s\src\hotspot\share\prims\jni.cpp, line 516]

VM Operations (20 events):
Event: 430.483 Executing VM operation: G1CollectForAllocation done
Event: 432.623 Executing VM operation: G1CollectForAllocation
Event: 432.624 Executing VM operation: G1CollectForAllocation done
Event: 434.752 Executing VM operation: G1CollectForAllocation
Event: 434.753 Executing VM operation: G1CollectForAllocation done
Event: 436.764 Executing VM operation: Cleanup
Event: 436.764 Executing VM operation: Cleanup done
Event: 436.876 Executing VM operation: G1CollectForAllocation
Event: 436.877 Executing VM operation: G1CollectForAllocation done
Event: 438.999 Executing VM operation: G1CollectForAllocation
Event: 439.667 Executing VM operation: G1CollectForAllocation done
Event: 439.673 Executing VM operation: G1CollectForAllocation
Event: 439.674 Executing VM operation: G1CollectForAllocation done
Event: 439.682 Executing VM operation: G1CollectForAllocation
Event: 439.683 Executing VM operation: G1CollectForAllocation done
Event: 439.690 Executing VM operation: G1CollectForAllocation
Event: 439.691 Executing VM operation: G1CollectForAllocation done
Event: 441.690 Executing VM operation: Cleanup
Event: 441.690 Executing VM operation: Cleanup done
Event: 443.707 Executing VM operation: Cleanup

Memory protections (0 events):
No events

Nmethod flushes (20 events):
Event: 328.405 Thread 0x0000024f6ba35fd0 flushing  nmethod 0x0000024f46fac810
Event: 328.405 Thread 0x0000024f6ba35fd0 flushing osr nmethod 0x0000024f46fb5c90
Event: 328.405 Thread 0x0000024f6ba35fd0 flushing osr nmethod 0x0000024f46fbf790
Event: 328.405 Thread 0x0000024f6ba35fd0 flushing  nmethod 0x0000024f4700c890
Event: 328.405 Thread 0x0000024f6ba35fd0 flushing  nmethod 0x0000024f47011110
Event: 328.405 Thread 0x0000024f6ba35fd0 flushing  nmethod 0x0000024f4701aa10
Event: 328.405 Thread 0x0000024f6ba35fd0 flushing osr nmethod 0x0000024f4701bf90
Event: 328.405 Thread 0x0000024f6ba35fd0 flushing  nmethod 0x0000024f4701d010
Event: 328.405 Thread 0x0000024f6ba35fd0 flushing  nmethod 0x0000024f4701e290
Event: 328.406 Thread 0x0000024f6ba35fd0 flushing  nmethod 0x0000024f4701ee90
Event: 328.406 Thread 0x0000024f6ba35fd0 flushing osr nmethod 0x0000024f47035910
Event: 328.406 Thread 0x0000024f6ba35fd0 flushing  nmethod 0x0000024f47040a90
Event: 328.406 Thread 0x0000024f6ba35fd0 flushing  nmethod 0x0000024f47051710
Event: 328.406 Thread 0x0000024f6ba35fd0 flushing  nmethod 0x0000024f47056690
Event: 328.406 Thread 0x0000024f6ba35fd0 flushing  nmethod 0x0000024f4705be90
Event: 328.406 Thread 0x0000024f6ba35fd0 flushing osr nmethod 0x0000024f47060d90
Event: 328.406 Thread 0x0000024f6ba35fd0 flushing  nmethod 0x0000024f47080510
Event: 328.406 Thread 0x0000024f6ba35fd0 flushing  nmethod 0x0000024f470ad390
Event: 328.406 Thread 0x0000024f6ba35fd0 flushing  nmethod 0x0000024f470b7890
Event: 328.406 Thread 0x0000024f6ba35fd0 flushing  nmethod 0x0000024f470d8b90

Events (20 events):
Event: 261.244 Thread 0x0000024f6ba351d0 Thread added: 0x0000024fb13b1cc0
Event: 261.967 Thread 0x0000024fb13b1cc0 Thread exited: 0x0000024fb13b1cc0
Event: 267.931 Thread 0x0000024f6ba351d0 Thread added: 0x0000024fb13aecf0
Event: 267.942 Thread 0x0000024fb243c840 Thread added: 0x0000024fb23af5b0
Event: 267.955 Thread 0x0000024fb243c840 Thread added: 0x0000024fb23adc60
Event: 267.956 Thread 0x0000024fb243c840 Thread added: 0x0000024fb23ae170
Event: 268.353 Thread 0x0000024fb13aecf0 Thread exited: 0x0000024fb13aecf0
Event: 272.961 Thread 0x0000024fb23adc60 Thread exited: 0x0000024fb23adc60
Event: 282.969 Thread 0x0000024fb23ae170 Thread exited: 0x0000024fb23ae170
Event: 292.071 Thread 0x0000024fb23af5b0 Thread added: 0x0000024fb23b04e0
Event: 294.572 Thread 0x0000024fb23b04e0 Thread exited: 0x0000024fb23b04e0
Event: 311.684 Thread 0x0000024f6ba8e9c0 Thread added: 0x0000024fb23adc60
Event: 364.242 Thread 0x0000024fb23ad750 Thread exited: 0x0000024fb23ad750
Event: 364.242 Thread 0x0000024fb23ad240 Thread exited: 0x0000024fb23ad240
Event: 364.242 Thread 0x0000024fb23afac0 Thread exited: 0x0000024fb23afac0
Event: 364.629 Thread 0x0000024fb23aa9c0 Thread exited: 0x0000024fb23aa9c0
Event: 364.630 Thread 0x0000024fb23a9a90 Thread exited: 0x0000024fb23a9a90
Event: 374.634 Thread 0x0000024fb23af0a0 Thread exited: 0x0000024fb23af0a0
Event: 374.637 Thread 0x0000024fb23a8b60 Thread exited: 0x0000024fb23a8b60
Event: 424.630 Thread 0x0000024fb1ae64b0 Thread exited: 0x0000024fb1ae64b0


Dynamic libraries:
0x00007ff7ce940000 - 0x00007ff7ce94e000 	C:\Users\JayBa\.jdks\corretto-17.0.13\bin\java.exe
0x00007ffb80ee0000 - 0x00007ffb81148000 	C:\WINDOWS\SYSTEM32\ntdll.dll
0x00007ffb80020000 - 0x00007ffb800e9000 	C:\WINDOWS\System32\KERNEL32.DLL
0x00007ffb7e880000 - 0x00007ffb7ec71000 	C:\WINDOWS\System32\KERNELBASE.dll
0x00007ffb7d930000 - 0x00007ffb7da7b000 	C:\WINDOWS\System32\ucrtbase.dll
0x00007ffb22650000 - 0x00007ffb2266b000 	C:\Users\JayBa\.jdks\corretto-17.0.13\bin\VCRUNTIME140.dll
0x00007ffb333b0000 - 0x00007ffb333c7000 	C:\Users\JayBa\.jdks\corretto-17.0.13\bin\jli.dll
0x00007ffb809c0000 - 0x00007ffb80b86000 	C:\WINDOWS\System32\USER32.dll
0x00007ffb7dea0000 - 0x00007ffb7dec7000 	C:\WINDOWS\System32\win32u.dll
0x00007ffb5e470000 - 0x00007ffb5e703000 	C:\WINDOWS\WinSxS\amd64_microsoft.windows.common-controls_6595b64144ccf1df_6.0.26100.7824_none_3e0870b2e3345462\COMCTL32.dll
0x00007ffb7ed10000 - 0x00007ffb7ed3b000 	C:\WINDOWS\System32\GDI32.dll
0x00007ffb7fc50000 - 0x00007ffb7fcf9000 	C:\WINDOWS\System32\msvcrt.dll
0x00007ffb7dd70000 - 0x00007ffb7de9b000 	C:\WINDOWS\System32\gdi32full.dll
0x00007ffb7d7c0000 - 0x00007ffb7d863000 	C:\WINDOWS\System32\msvcp_win.dll
0x00007ffb804f0000 - 0x00007ffb80521000 	C:\WINDOWS\System32\IMM32.DLL
0x00007ffb399e0000 - 0x00007ffb399ec000 	C:\Users\JayBa\.jdks\corretto-17.0.13\bin\vcruntime140_1.dll
0x00007ffadbb30000 - 0x00007ffadbbbd000 	C:\Users\JayBa\.jdks\corretto-17.0.13\bin\msvcp140.dll
0x00007ffad3870000 - 0x00007ffad44dc000 	C:\Users\JayBa\.jdks\corretto-17.0.13\bin\server\jvm.dll
0x00007ffb7fd00000 - 0x00007ffb7fdb4000 	C:\WINDOWS\System32\ADVAPI32.dll
0x00007ffb80c00000 - 0x00007ffb80ca6000 	C:\WINDOWS\System32\sechost.dll
0x00007ffb7fb10000 - 0x00007ffb7fc28000 	C:\WINDOWS\System32\RPCRT4.dll
0x00007ffb80e20000 - 0x00007ffb80e94000 	C:\WINDOWS\System32\WS2_32.dll
0x00007ffb7d570000 - 0x00007ffb7d5ce000 	C:\WINDOWS\SYSTEM32\POWRPROF.dll
0x00007ffb768a0000 - 0x00007ffb768ab000 	C:\WINDOWS\SYSTEM32\VERSION.dll
0x00007ffb76230000 - 0x00007ffb76265000 	C:\WINDOWS\SYSTEM32\WINMM.dll
0x00007ffb7d450000 - 0x00007ffb7d464000 	C:\WINDOWS\SYSTEM32\UMPDC.dll
0x00007ffb7c520000 - 0x00007ffb7c53b000 	C:\WINDOWS\SYSTEM32\kernel.appcore.dll
0x00007ffb39630000 - 0x00007ffb3963a000 	C:\Users\JayBa\.jdks\corretto-17.0.13\bin\jimage.dll
0x00007ffb6faf0000 - 0x00007ffb6fd32000 	C:\WINDOWS\SYSTEM32\DBGHELP.DLL
0x00007ffb7f780000 - 0x00007ffb7fb06000 	C:\WINDOWS\System32\combase.dll
0x00007ffb800f0000 - 0x00007ffb801c7000 	C:\WINDOWS\System32\OLEAUT32.dll
0x00007ffb5db90000 - 0x00007ffb5dbcb000 	C:\WINDOWS\SYSTEM32\dbgcore.DLL
0x00007ffb7ded0000 - 0x00007ffb7df75000 	C:\WINDOWS\System32\bcryptPrimitives.dll
0x00007ffadd410000 - 0x00007ffadd435000 	C:\Users\JayBa\.jdks\corretto-17.0.13\bin\java.dll
0x00007ffadba50000 - 0x00007ffadbb27000 	C:\Users\JayBa\.jdks\corretto-17.0.13\bin\jsvml.dll
0x00007ffb7ef20000 - 0x00007ffb7f672000 	C:\WINDOWS\System32\SHELL32.dll
0x00007ffb7dc00000 - 0x00007ffb7dd6a000 	C:\WINDOWS\System32\wintypes.dll
0x00007ffb7e010000 - 0x00007ffb7e873000 	C:\WINDOWS\System32\windows.storage.dll
0x00007ffb7ee10000 - 0x00007ffb7ef06000 	C:\WINDOWS\System32\SHCORE.dll
0x00007ffb80b90000 - 0x00007ffb80bf7000 	C:\WINDOWS\System32\shlwapi.dll
0x00007ffb7d6e0000 - 0x00007ffb7d709000 	C:\WINDOWS\SYSTEM32\profapi.dll
0x00007ffad5820000 - 0x00007ffad5839000 	C:\Users\JayBa\.jdks\corretto-17.0.13\bin\net.dll
0x00007ffb760a0000 - 0x00007ffb761c7000 	C:\WINDOWS\SYSTEM32\WINHTTP.dll
0x00007ffb7ca70000 - 0x00007ffb7cadb000 	C:\WINDOWS\system32\mswsock.dll
0x00007ffad5800000 - 0x00007ffad5816000 	C:\Users\JayBa\.jdks\corretto-17.0.13\bin\nio.dll
0x00007ffadd3c0000 - 0x00007ffadd3d8000 	C:\Users\JayBa\.jdks\corretto-17.0.13\bin\zip.dll
0x00007ffb7ce60000 - 0x00007ffb7ce7b000 	C:\WINDOWS\SYSTEM32\CRYPTSP.dll
0x00007ffb7c480000 - 0x00007ffb7c4b9000 	C:\WINDOWS\system32\rsaenh.dll
0x00007ffb7cb20000 - 0x00007ffb7cb4b000 	C:\WINDOWS\SYSTEM32\USERENV.dll
0x00007ffb7d6b0000 - 0x00007ffb7d6da000 	C:\WINDOWS\SYSTEM32\bcrypt.dll
0x00007ffb7ce40000 - 0x00007ffb7ce4c000 	C:\WINDOWS\SYSTEM32\CRYPTBASE.dll
0x00007ffb7bf70000 - 0x00007ffb7bfa4000 	C:\WINDOWS\SYSTEM32\IPHLPAPI.DLL
0x00007ffb7ef10000 - 0x00007ffb7ef1a000 	C:\WINDOWS\System32\NSI.dll
0x00007ffb76280000 - 0x00007ffb7629e000 	C:\WINDOWS\SYSTEM32\dhcpcsvc6.DLL
0x00007ffb76200000 - 0x00007ffb76223000 	C:\WINDOWS\SYSTEM32\dhcpcsvc.DLL
0x00007ffb7c010000 - 0x00007ffb7c13c000 	C:\WINDOWS\SYSTEM32\DNSAPI.dll
0x00007ffb39ec0000 - 0x00007ffb39fbb000 	D:\Root\TEMP\sqlite-3.50.1.0-f76b302a-6f39-4aa1-ade5-f72ba529c4ad-sqlitejdbc.dll
0x00007ffb2fc20000 - 0x00007ffb2fc2e000 	C:\Users\JayBa\.jdks\corretto-17.0.13\bin\sunmscapi.dll
0x00007ffb7da80000 - 0x00007ffb7dbf7000 	C:\WINDOWS\System32\CRYPT32.dll
0x00007ffb7cfc0000 - 0x00007ffb7cff0000 	C:\WINDOWS\SYSTEM32\ncrypt.dll
0x00007ffb7cf70000 - 0x00007ffb7cfaf000 	C:\WINDOWS\SYSTEM32\NTASN1.dll
0x00007ffb475b0000 - 0x00007ffb475b8000 	C:\WINDOWS\system32\wshunix.dll
0x00007ffb32d00000 - 0x00007ffb32d09000 	C:\Users\JayBa\.jdks\corretto-17.0.13\bin\extnet.dll
0x00007ffb38020000 - 0x00007ffb38030000 	C:\Users\JayBa\.jdks\corretto-17.0.13\bin\verify.dll
0x00007ffb61c50000 - 0x00007ffb61c5b000 	C:\Windows\System32\rasadhlp.dll
0x00007ffb713f0000 - 0x00007ffb71476000 	C:\WINDOWS\System32\fwpuclnt.dll

dbghelp: loaded successfully - version: 4.0.5 - missing functions: none
symbol engine: initialized successfully - sym options: 0x614 - pdb path: .;C:\Users\JayBa\.jdks\corretto-17.0.13\bin;C:\WINDOWS\SYSTEM32;C:\WINDOWS\WinSxS\amd64_microsoft.windows.common-controls_6595b64144ccf1df_6.0.26100.7824_none_3e0870b2e3345462;C:\Users\JayBa\.jdks\corretto-17.0.13\bin\server;D:\Root\TEMP

VM Arguments:
jvm_args: -Dfile.encoding=UTF-8 -Duser.country=US -Duser.language=en -Duser.variant 
java_command: com.bestbudz.Server
java_class_path (initial): C:\RSPS\Experimentation\BestBudz\Workspace\Git\BestBudzSource\build\classes\java\main;C:\RSPS\Experimentation\BestBudz\Workspace\Git\BestBudzSource\build\resources\main;D:\Root\.gradle\caches\modules-2\files-2.1\io.netty\netty-codec\4.2.1.Final\55421a0c16ccd25692613e86f75b5a3f8db3ea82\netty-codec-4.2.1.Final.jar;D:\Root\.gradle\caches\modules-2\files-2.1\io.netty\netty-handler\4.2.1.Final\1673ad3e66acb5bfaa2dab839ee0d6b22225fbee\netty-handler-4.2.1.Final.jar;D:\Root\.gradle\caches\modules-2\files-2.1\io.netty\netty-transport-classes-epoll\4.2.1.Final\4ff88aff92a07b3e0fdb6e4ecf8575aa99540f2e\netty-transport-classes-epoll-4.2.1.Final.jar;D:\Root\.gradle\caches\modules-2\files-2.1\io.netty\netty-transport-classes-kqueue\4.2.1.Final\a32d3457eb63a7bcff3dd2ba4279db9e12c20721\netty-transport-classes-kqueue-4.2.1.Final.jar;D:\Root\.gradle\caches\modules-2\files-2.1\io.netty\netty-codec-compression\4.2.1.Final\b85ef35b94d1b540c021df6bb778cc8dc086588b\netty-codec-compression-4.2.1.Final.jar;D:\Root\.gradle\caches\modules-2\files-2.1\io.netty\netty-codec-protobuf\4.2.1.Final\86c04147717b63edadb9e2d1bd371f6091e2ba0\netty-codec-protobuf-4.2.1.Final.jar;D:\Root\.gradle\caches\modules-2\files-2.1\io.netty\netty-codec-marshalling\4.2.1.Final\838fd5dc1ae854879a9e553a0d217abfd5d7fda9\netty-codec-marshalling-4.2.1.Final.jar;D:\Root\.gradle\caches\modules-2\files-2.1\io.netty\netty-codec-base\4.2.1.Final\ee2a21f30549d6fb0ec1da71ac748c385368d807\netty-codec-base-4.2.1.Final.jar;D:\Root\.gradle\caches\modules-2\files-2.1\io.netty\netty-transport-native-unix-common\4.2.1.Final\9edcc29edb12cb33890e6de025fbb60cc3846d6d\netty-transport-native-unix-common-4.2.1.Final.jar;D:\Root\.gradle\caches\modules-2\files-2.1\io.netty\netty-transport\4.2.1.Final\5c9140fffd02fe833a570dfd00c3dced88c72abd\netty-transport-4.2.1.Final.jar;D:\Root\.gradle\caches\modules-2\files-2.1\io.netty\netty-buffer\4.2.1.Final\95e48c931eb31614c06adf775a2118f4297fd97\netty-buffer-4.2.1.Final.jar
Launcher Type: SUN_STANDARD

[Global flags]
     intx CICompilerCount                          = 4                                         {product} {ergonomic}
     uint ConcGCThreads                            = 3                                         {product} {ergonomic}
     uint G1ConcRefinementThreads                  = 10                                        {product} {ergonomic}
   size_t G1HeapRegionSize                         = 4194304                                   {product} {ergonomic}
    uintx GCDrainStackTargetSize                   = 64                                        {product} {ergonomic}
   size_t InitialHeapSize                          = 536870912                                 {product} {ergonomic}
   size_t MarkStackSize                            = 4194304                                   {product} {ergonomic}
   size_t MaxHeapSize                              = 8568963072                                {product} {ergonomic}
   size_t MaxNewSize                               = 5138022400                                {product} {ergonomic}
   size_t MinHeapDeltaBytes                        = 4194304                                   {product} {ergonomic}
   size_t MinHeapSize                              = 8388608                                   {product} {ergonomic}
    uintx NonNMethodCodeHeapSize                   = 5839372                                {pd product} {ergonomic}
    uintx NonProfiledCodeHeapSize                  = 122909434                              {pd product} {ergonomic}
    uintx ProfiledCodeHeapSize                     = 122909434                              {pd product} {ergonomic}
    uintx ReservedCodeCacheSize                    = 251658240                              {pd product} {ergonomic}
     bool SegmentedCodeCache                       = true                                      {product} {ergonomic}
   size_t SoftMaxHeapSize                          = 8568963072                             {manageable} {ergonomic}
     bool UseCompressedClassPointers               = true                           {product lp64_product} {ergonomic}
     bool UseCompressedOops                        = true                           {product lp64_product} {ergonomic}
     bool UseG1GC                                  = true                                      {product} {ergonomic}
     bool UseLargePagesIndividualAllocation        = false                                  {pd product} {ergonomic}

Logging:
Log output configuration:
 #0: stdout all=warning uptime,level,tags
 #1: stderr all=off uptime,level,tags

Environment Variables:
JAVA_HOME=D:\Root\tools\jdk\jdk-24.0.1
PATH=C:\Program Files\NVIDIA GPU Computing Toolkit\CUDA\v13.0\bin\x64;C:\Program Files\NVIDIA GPU Computing Toolkit\CUDA\v13.0\bin;C:\Python314\Scripts\;C:\Python314\;C:\PyPy3\pypy3.11-v7.3.20-win64;C:\PyPy3\pypy3.11-v7.3.20-win64\Scripts;C:\Program Files (x86)\Common Files\Oracle\Java\java8path;C:\Program Files (x86)\Common Files\Oracle\Java\javapath;D:\Root\tools\python;D:\Root\tools\python\Scripts;D:\Root\tools\jdk\jdk-24.0.1\bin;D:\Root\tools\node-modules\bin;c:\Users\JayBa\AppData\Local\Programs\cursor\resources\app\bin;C:\Windows\system32;C:\Windows;C:\Windows\System32\Wbem;C:\Windows\System32\WindowsPowerShell\v1.0\;C:\Windows\System32\OpenSSH\;C:\Program Files (x86)\NVIDIA Corporation\PhysX\Common;C:\Users\JayBa\AppData\Local\Microsoft\WindowsApps;C:\Users\JayBa\AppData\Local\GitHubDesktop\bin;C:\Users\JayBa\.dotnet\tools;C:\Program Files\JetBrains\IntelliJ IDEA 2024.2.3\bin;C:\Program;C:\Program Files\NVIDIA Corporation\NVIDIA app\NvDLISR;C:\WINDOWS\system32;C:\WINDOWS;C:\WINDOWS\System32\Wbem;C:\WINDOWS\System32\WindowsPowerShell\v1.0\;C:\WINDOWS\System32\OpenSSH\;C:\Program Files (x86)\GtkSharp\2.12\bin;C:\ProgramData\chocolatey\bin;C:\Program Files\PuTTY\;C:\msys64\usr\bin;C:\Program Files\CMake\bin;C:\ProgramData\chocolatey\lib\maven\apache-maven-3.9.9\bin;C:\Program Files\Go\bin;C:\Program Files\Docker\Docker\resources\bin;C:\Program Files\Git\cmd;C:\Program Files\OpenSSH-Win64;C:\Users\JayBa\AppData\Local\nvm;C:\nvm4w\nodejs;C:\Program Files\dotnet\;C:\Users\JayBa\AppData\Local\Programs\Python\Python312\Scripts\;C:\Users\JayBa\AppData\Local\Programs\Python\Python312\;C:\Users\JayBa\.cargo\bin;C:\Users\JayBa\AppData\Roaming\Code\User\globalStorage\pleiades.java-extension-pack-jdk\gradle\latest\bin;C:\Users\JayBa\AppData\Roaming\Code\User\globalStorage\pleiades.java-extension-pack-jdk\maven\latest\bin;D:\Root\tools\jdk\jdk-24.0.1\bin;C:\Program Files (x86)\Common Files\Oracle\Java\java8path;C:\Program Files (x86)\Common Files\Oracle\Java\javapath;D:\Root\t
USERNAME=JayBa
OS=Windows_NT
PROCESSOR_IDENTIFIER=AMD64 Family 23 Model 113 Stepping 0, AuthenticAMD
TMP=D:\Root\Temp
TEMP=D:\Root\Temp



Periodic native trim disabled


---------------  S Y S T E M  ---------------

OS:
 Windows 11 , 64 bit Build 26100 (10.0.26100.7705)
OS uptime: 8 days 12:26 hours
Hyper-V role detected

CPU: total 12 (initial active 12) (12 cores per cpu, 2 threads per core) family 23 model 113 stepping 0 microcode 0x8701021, cx8, cmov, fxsr, ht, mmx, 3dnowpref, sse, sse2, sse3, ssse3, sse4a, sse4.1, sse4.2, popcnt, lzcnt, tsc, tscinvbit, avx, avx2, aes, clmul, bmi1, bmi2, adx, sha, fma, vzeroupper, clflush, clflushopt, hv
Processor Information for all 12 processors :
  Max Mhz: 3951, Current Mhz: 3951, Mhz Limit: 3951

Memory: 4k page, system-wide physical 32680M (1175M free)
TotalPageFile size 130984M (AvailPageFile size 5M)
current process WorkingSet (physical memory assigned to process): 1068M, peak: 1144M
current process commit charge ("private bytes"): 1223M, peak: 1239M

vm_info: OpenJDK 64-Bit Server VM (17.0.13+11-LTS) for windows-amd64 JRE (17.0.13+11-LTS), built on Oct 10 2024 19:51:30 by "Administrator" with MS VC++ 16.10 / 16.11 (VS2019)

END.
